#-----------------------------------------------------------
# Vivado v2023.2 (64-bit)
# SW Build 4029153 on Fri Oct 13 20:13:54 MDT 2023
# IP Build 4028589 on Sat Oct 14 00:45:43 MDT 2023
# SharedData Build 4025554 on Tue Oct 10 17:18:54 MDT 2023
# Start of session at: Mon Dec 22 14:40:48 2025
# Process ID: 234373
# Current directory: /home/moginh/Projects/BConv
# Command line: vivado
# Log file: /home/moginh/Projects/BConv/vivado.log
# Journal file: /home/moginh/Projects/BConv/vivado.jou
# Running On: dis-lab-SYS-7049GP-TRT, OS: Linux, CPU Frequency: 1090.474 MHz, CPU Physical cores: 16, Host memory: 134797 MB
#-----------------------------------------------------------
start_gui
WARNING: [Board 49-26] cannot add Board Part xilinx.com:vek280_es:part0:1.0 available at /tools/Xilinx/Vivado/2023.2/data/xhub/boards/XilinxBoardStore/boards/Xilinx/vek280/es/rev_a/1.0/board.xml as part xcve2802-vsvh1760-2lp-e-s-es1 specified in board_part file is either invalid or not available
WARNING: [Board 49-26] cannot add Board Part xilinx.com:vek280_es:part0:1.1 available at /tools/Xilinx/Vivado/2023.2/data/xhub/boards/XilinxBoardStore/boards/Xilinx/vek280/es/rev_a/1.1/board.xml as part xcve2802-vsvh1760-2lp-e-s-es1 specified in board_part file is either invalid or not available
WARNING: [Board 49-26] cannot add Board Part xilinx.com:vek280_es_revb:part0:1.0 available at /tools/Xilinx/Vivado/2023.2/data/xhub/boards/XilinxBoardStore/boards/Xilinx/vek280/es/rev_b/1.0/board.xml as part xcve2802-vsvh1760-2mp-e-s-es1 specified in board_part file is either invalid or not available
WARNING: [Board 49-26] cannot add Board Part xilinx.com:vek280_es_revb:part0:1.1 available at /tools/Xilinx/Vivado/2023.2/data/xhub/boards/XilinxBoardStore/boards/Xilinx/vek280/es/rev_b/1.1/board.xml as part xcve2802-vsvh1760-2mp-e-s-es1 specified in board_part file is either invalid or not available
WARNING: [Board 49-26] cannot add Board Part xilinx.com:vhk158_es:part0:1.0 available at /tools/Xilinx/Vivado/2023.2/data/xhub/boards/XilinxBoardStore/boards/Xilinx/vhk158/es/1.0/board.xml as part xcvh1582-vsva3697-2mp-e-s-es1 specified in board_part file is either invalid or not available
WARNING: [Board 49-26] cannot add Board Part xilinx.com:vhk158_es:part0:1.1 available at /tools/Xilinx/Vivado/2023.2/data/xhub/boards/XilinxBoardStore/boards/Xilinx/vhk158/es/1.1/board.xml as part xcvh1582-vsva3697-2mp-e-s-es1 specified in board_part file is either invalid or not available
WARNING: [Board 49-26] cannot add Board Part xilinx.com:zcu208ld:part0:2.0 available at /tools/Xilinx/Vivado/2023.2/data/xhub/boards/XilinxBoardStore/boards/Xilinx/zcu208ld/production/2.0/board.xml as part xczu58dr-fsvg1517-2-i specified in board_part file is either invalid or not available
WARNING: [Board 49-26] cannot add Board Part xilinx.com:zcu216ld:part0:2.0 available at /tools/Xilinx/Vivado/2023.2/data/xhub/boards/XilinxBoardStore/boards/Xilinx/zcu216ld/production/2.0/board.xml as part xczu59dr-ffvf1760-2-i specified in board_part file is either invalid or not available
WARNING: [Board 49-26] cannot add Board Part xilinx.com:zcu670:part0:2.0 available at /tools/Xilinx/Vivado/2023.2/data/xhub/boards/XilinxBoardStore/boards/Xilinx/zcu670/2.0/board.xml as part xczu67dr-fsve1156-2-i specified in board_part file is either invalid or not available
WARNING: [Board 49-26] cannot add Board Part xilinx.com:zcu670ld:part0:1.0 available at /tools/Xilinx/Vivado/2023.2/data/xhub/boards/XilinxBoardStore/boards/Xilinx/zcu670ld/1.0/board.xml as part xczu57dr-fsve1156-2-i specified in board_part file is either invalid or not available
open_project /home/moginh/Projects/BConv/BConv.xpr
INFO: [Project 1-313] Project file moved from 'D:/Projects/BConv' since last save.
Scanning sources...
Finished scanning sources
INFO: [IP_Flow 19-234] Refreshing IP repositories
INFO: [IP_Flow 19-1704] No user IP repositories specified
INFO: [IP_Flow 19-2313] Loaded Vivado IP repository '/tools/Xilinx/Vivado/2023.2/data/ip'.
update_compile_order -fileset sources_1
reset_run synth_1
launch_runs impl_1 -jobs 32
[Mon Dec 22 14:41:53 2025] Launched synth_1...
Run output will be captured here: /home/moginh/Projects/BConv/BConv.runs/synth_1/runme.log
[Mon Dec 22 14:41:53 2025] Launched impl_1...
Run output will be captured here: /home/moginh/Projects/BConv/BConv.runs/impl_1/runme.log
WARNING: [filemgmt 56-199] Attempt to get parsing info during refresh. "On-the-fly" syntax checking information may be incorrect. [/home/moginh/Projects/BConv/BConv.srcs/sources_1/new/delay.v:]
WARNING: [filemgmt 56-199] Attempt to get parsing info during refresh. "On-the-fly" syntax checking information may be incorrect. [/home/moginh/Projects/BConv/BConv.srcs/sources_1/new/BConvEngine_8PE_V2.sv:]
open_run impl_1
INFO: [Device 21-403] Loading part xcu280-fsvh2892-2L-e
Netlist sorting complete. Time (s): cpu = 00:00:00.49 ; elapsed = 00:00:00.33 . Memory (MB): peak = 9371.352 ; gain = 0.000 ; free physical = 119747 ; free virtual = 132693
INFO: [Netlist 29-17] Analyzing 1527 Unisim elements for replacement
INFO: [Netlist 29-28] Unisim Transformation completed in 4 CPU seconds
INFO: [Project 1-479] Netlist was created with Vivado 2023.2
INFO: [Project 1-570] Preparing netlist for logic optimization
Read ShapeDB Complete: Time (s): cpu = 00:00:00.09 ; elapsed = 00:00:00.09 . Memory (MB): peak = 9589.586 ; gain = 9.461 ; free physical = 119526 ; free virtual = 132471
INFO: [Timing 38-478] Restoring timing data from binary archive.
INFO: [Timing 38-479] Binary timing data restore complete.
INFO: [Project 1-856] Restoring constraints from binary archive.
INFO: [Project 1-853] Binary constraint restore complete.
INFO: [Designutils 20-5722] Start Reading Physical Databases.
Reading placement.
Read Netlist Cache: Time (s): cpu = 00:00:00.05 ; elapsed = 00:00:00.05 . Memory (MB): peak = 10125.895 ; gain = 0.000 ; free physical = 119091 ; free virtual = 132037
Reading placer database...
Read Device Cache: Time (s): cpu = 00:00:00.02 ; elapsed = 00:00:00.02 . Memory (MB): peak = 10125.895 ; gain = 0.000 ; free physical = 119097 ; free virtual = 132043
Read PlaceDB: Time (s): cpu = 00:00:01 ; elapsed = 00:00:01 . Memory (MB): peak = 10125.895 ; gain = 0.000 ; free physical = 119101 ; free virtual = 132047
Read PulsedLatchDB: Time (s): cpu = 00:00:00 ; elapsed = 00:00:00 . Memory (MB): peak = 10125.895 ; gain = 0.000 ; free physical = 119101 ; free virtual = 132047
Reading routing.
Read RouteStorage: Time (s): cpu = 00:00:00.62 ; elapsed = 00:00:00.63 . Memory (MB): peak = 10128.895 ; gain = 3.000 ; free physical = 119094 ; free virtual = 132040
Read Physdb Files: Time (s): cpu = 00:00:02 ; elapsed = 00:00:02 . Memory (MB): peak = 10128.895 ; gain = 3.000 ; free physical = 119094 ; free virtual = 132040
Restored from archive | CPU: 2.030000 secs | Memory: 50.965881 MB |
Finished XDEF File Restore: Time (s): cpu = 00:00:02 ; elapsed = 00:00:02 . Memory (MB): peak = 10128.895 ; gain = 3.000 ; free physical = 119094 ; free virtual = 132040
Netlist sorting complete. Time (s): cpu = 00:00:00 ; elapsed = 00:00:00 . Memory (MB): peak = 10423.223 ; gain = 0.000 ; free physical = 118849 ; free virtual = 131795
INFO: [Project 1-111] Unisim Transformation Summary:
  A total of 144 instances were transformed.
  DSP48E2 => DSP48E2 (DSP_ALU, DSP_A_B_DATA, DSP_C_DATA, DSP_MULTIPLIER, DSP_M_DATA, DSP_OUTPUT, DSP_PREADD, DSP_PREADD_DATA): 48 instances
  DSP48E2 => DSP48E2 (inverted pins: RSTP) (DSP_ALU, DSP_A_B_DATA, DSP_C_DATA, DSP_MULTIPLIER, DSP_M_DATA, DSP_OUTPUT, DSP_PREADD, DSP_PREADD_DATA): 96 instances

open_run: Time (s): cpu = 00:01:04 ; elapsed = 00:00:31 . Memory (MB): peak = 10919.840 ; gain = 2831.281 ; free physical = 118076 ; free virtual = 131022
set_property top CU [current_fileset]
WARNING: [filemgmt 56-199] Attempt to get parsing info during refresh. "On-the-fly" syntax checking information may be incorrect. [/home/moginh/Projects/BConv/BConv.srcs/sources_1/new/BConvEngine_CU.v:]
WARNING: [filemgmt 56-199] Attempt to get parsing info during refresh. "On-the-fly" syntax checking information may be incorrect. [/home/moginh/Projects/BConv/BConv.srcs/sources_1/new/delay.v:]
WARNING: [filemgmt 56-199] Attempt to get parsing info during refresh. "On-the-fly" syntax checking information may be incorrect. [/home/moginh/Projects/BConv/BConv.srcs/sim_1/new/CU_standalone_tb.v:]
WARNING: [filemgmt 56-199] Attempt to get parsing info during refresh. "On-the-fly" syntax checking information may be incorrect. [/home/moginh/Projects/BConv/BConv.srcs/sources_1/new/CU_standalone.v:]
WARNING: [filemgmt 56-199] Attempt to get parsing info during refresh. "On-the-fly" syntax checking information may be incorrect. [/home/moginh/Projects/BConv/BConv.srcs/sources_1/new/BConvEngine_8PE_V2.sv:]
WARNING: [filemgmt 56-199] Attempt to get parsing info during refresh. "On-the-fly" syntax checking information may be incorrect. [/home/moginh/Projects/BConv/BConv.srcs/sources_1/new/CU.v:]
WARNING: [filemgmt 56-199] Attempt to get parsing info during refresh. "On-the-fly" syntax checking information may be incorrect. [/home/moginh/Projects/BConv/BConv.srcs/sim_1/new/CU_tb.v:]
WARNING: [filemgmt 56-199] Attempt to get parsing info during refresh. "On-the-fly" syntax checking information may be incorrect. [/home/moginh/Projects/BConv/BConv.srcs/sources_1/new/BConvEngine_CU.v:]
WARNING: [filemgmt 56-199] Attempt to get parsing info during refresh. "On-the-fly" syntax checking information may be incorrect. [/home/moginh/Projects/BConv/BConv.srcs/sources_1/new/delay.v:]
WARNING: [filemgmt 56-199] Attempt to get parsing info during refresh. "On-the-fly" syntax checking information may be incorrect. [/home/moginh/Projects/BConv/BConv.srcs/sim_1/new/CU_standalone_tb.v:]
WARNING: [filemgmt 56-199] Attempt to get parsing info during refresh. "On-the-fly" syntax checking information may be incorrect. [/home/moginh/Projects/BConv/BConv.srcs/sources_1/new/CU_standalone.v:]
WARNING: [filemgmt 56-199] Attempt to get parsing info during refresh. "On-the-fly" syntax checking information may be incorrect. [/home/moginh/Projects/BConv/BConv.srcs/sources_1/new/BConvEngine_8PE_V2.sv:]
WARNING: [filemgmt 56-199] Attempt to get parsing info during refresh. "On-the-fly" syntax checking information may be incorrect. [/home/moginh/Projects/BConv/BConv.srcs/sources_1/new/CU.v:]
WARNING: [filemgmt 56-199] Attempt to get parsing info during refresh. "On-the-fly" syntax checking information may be incorrect. [/home/moginh/Projects/BConv/BConv.srcs/sim_1/new/CU_tb.v:]
WARNING: [filemgmt 56-199] Attempt to get parsing info during refresh. "On-the-fly" syntax checking information may be incorrect. [/home/moginh/Projects/BConv/BConv.srcs/sources_1/new/BConvEngine_CU.v:]
WARNING: [filemgmt 56-199] Attempt to get parsing info during refresh. "On-the-fly" syntax checking information may be incorrect. [/home/moginh/Projects/BConv/BConv.srcs/sources_1/new/delay.v:]
WARNING: [filemgmt 56-199] Attempt to get parsing info during refresh. "On-the-fly" syntax checking information may be incorrect. [/home/moginh/Projects/BConv/BConv.srcs/sim_1/new/CU_standalone_tb.v:]
WARNING: [filemgmt 56-199] Attempt to get parsing info during refresh. "On-the-fly" syntax checking information may be incorrect. [/home/moginh/Projects/BConv/BConv.srcs/sources_1/new/CU_standalone.v:]
WARNING: [filemgmt 56-199] Attempt to get parsing info during refresh. "On-the-fly" syntax checking information may be incorrect. [/home/moginh/Projects/BConv/BConv.srcs/sources_1/new/BConvEngine_8PE_V2.sv:]
WARNING: [filemgmt 56-199] Attempt to get parsing info during refresh. "On-the-fly" syntax checking information may be incorrect. [/home/moginh/Projects/BConv/BConv.srcs/sources_1/new/CU.v:]
WARNING: [filemgmt 56-199] Attempt to get parsing info during refresh. "On-the-fly" syntax checking information may be incorrect. [/home/moginh/Projects/BConv/BConv.srcs/sim_1/new/CU_tb.v:]
WARNING: [filemgmt 56-199] Attempt to get parsing info during refresh. "On-the-fly" syntax checking information may be incorrect. [/home/moginh/Projects/BConv/BConv.srcs/sources_1/new/BConvEngine_CU.v:]
WARNING: [filemgmt 56-199] Attempt to get parsing info during refresh. "On-the-fly" syntax checking information may be incorrect. [/home/moginh/Projects/BConv/BConv.srcs/sources_1/new/delay.v:]
WARNING: [filemgmt 56-199] Attempt to get parsing info during refresh. "On-the-fly" syntax checking information may be incorrect. [/home/moginh/Projects/BConv/BConv.srcs/sim_1/new/CU_standalone_tb.v:]
WARNING: [filemgmt 56-199] Attempt to get parsing info during refresh. "On-the-fly" syntax checking information may be incorrect. [/home/moginh/Projects/BConv/BConv.srcs/sources_1/new/CU_standalone.v:]
WARNING: [filemgmt 56-199] Attempt to get parsing info during refresh. "On-the-fly" syntax checking information may be incorrect. [/home/moginh/Projects/BConv/BConv.srcs/sources_1/new/BConvEngine_8PE_V2.sv:]
WARNING: [filemgmt 56-199] Attempt to get parsing info during refresh. "On-the-fly" syntax checking information may be incorrect. [/home/moginh/Projects/BConv/BConv.srcs/sources_1/new/CU.v:]
WARNING: [filemgmt 56-199] Attempt to get parsing info during refresh. "On-the-fly" syntax checking information may be incorrect. [/home/moginh/Projects/BConv/BConv.srcs/sim_1/new/CU_tb.v:]
WARNING: [filemgmt 56-199] Attempt to get parsing info during refresh. "On-the-fly" syntax checking information may be incorrect. [/home/moginh/Projects/BConv/BConv.srcs/sources_1/new/BConvEngine_CU.v:]
WARNING: [filemgmt 56-199] Attempt to get parsing info during refresh. "On-the-fly" syntax checking information may be incorrect. [/home/moginh/Projects/BConv/BConv.srcs/sources_1/new/delay.v:]
WARNING: [filemgmt 56-199] Attempt to get parsing info during refresh. "On-the-fly" syntax checking information may be incorrect. [/home/moginh/Projects/BConv/BConv.srcs/sim_1/new/CU_standalone_tb.v:]
WARNING: [filemgmt 56-199] Attempt to get parsing info during refresh. "On-the-fly" syntax checking information may be incorrect. [/home/moginh/Projects/BConv/BConv.srcs/sources_1/new/CU_standalone.v:]
WARNING: [filemgmt 56-199] Attempt to get parsing info during refresh. "On-the-fly" syntax checking information may be incorrect. [/home/moginh/Projects/BConv/BConv.srcs/sources_1/new/BConvEngine_8PE_V2.sv:]
WARNING: [filemgmt 56-199] Attempt to get parsing info during refresh. "On-the-fly" syntax checking information may be incorrect. [/home/moginh/Projects/BConv/BConv.srcs/sources_1/new/CU.v:]
WARNING: [filemgmt 56-199] Attempt to get parsing info during refresh. "On-the-fly" syntax checking information may be incorrect. [/home/moginh/Projects/BConv/BConv.srcs/sim_1/new/CU_tb.v:]
WARNING: [filemgmt 56-199] Attempt to get parsing info during refresh. "On-the-fly" syntax checking information may be incorrect. [/home/moginh/Projects/BConv/BConv.srcs/sources_1/new/BConvEngine_CU.v:]
WARNING: [filemgmt 56-199] Attempt to get parsing info during refresh. "On-the-fly" syntax checking information may be incorrect. [/home/moginh/Projects/BConv/BConv.srcs/sources_1/new/delay.v:]
WARNING: [filemgmt 56-199] Attempt to get parsing info during refresh. "On-the-fly" syntax checking information may be incorrect. [/home/moginh/Projects/BConv/BConv.srcs/sim_1/new/CU_standalone_tb.v:]
WARNING: [filemgmt 56-199] Attempt to get parsing info during refresh. "On-the-fly" syntax checking information may be incorrect. [/home/moginh/Projects/BConv/BConv.srcs/sources_1/new/CU_standalone.v:]
WARNING: [filemgmt 56-199] Attempt to get parsing info during refresh. "On-the-fly" syntax checking information may be incorrect. [/home/moginh/Projects/BConv/BConv.srcs/sources_1/new/BConvEngine_8PE_V2.sv:]
WARNING: [filemgmt 56-199] Attempt to get parsing info during refresh. "On-the-fly" syntax checking information may be incorrect. [/home/moginh/Projects/BConv/BConv.srcs/sources_1/new/CU.v:]
WARNING: [filemgmt 56-199] Attempt to get parsing info during refresh. "On-the-fly" syntax checking information may be incorrect. [/home/moginh/Projects/BConv/BConv.srcs/sim_1/new/CU_tb.v:]
update_compile_order -fileset sources_1
WARNING: [filemgmt 56-199] Attempt to get parsing info during refresh. "On-the-fly" syntax checking information may be incorrect. [/home/moginh/Projects/BConv/BConv.srcs/sources_1/new/BConvEngine_CU.v:]
WARNING: [filemgmt 56-199] Attempt to get parsing info during refresh. "On-the-fly" syntax checking information may be incorrect. [/home/moginh/Projects/BConv/BConv.srcs/sources_1/new/delay.v:]
WARNING: [filemgmt 56-199] Attempt to get parsing info during refresh. "On-the-fly" syntax checking information may be incorrect. [/home/moginh/Projects/BConv/BConv.srcs/sim_1/new/CU_standalone_tb.v:]
WARNING: [filemgmt 56-199] Attempt to get parsing info during refresh. "On-the-fly" syntax checking information may be incorrect. [/home/moginh/Projects/BConv/BConv.srcs/sources_1/new/CU_standalone.v:]
WARNING: [filemgmt 56-199] Attempt to get parsing info during refresh. "On-the-fly" syntax checking information may be incorrect. [/home/moginh/Projects/BConv/BConv.srcs/sources_1/new/BConvEngine_8PE_V2.sv:]
WARNING: [filemgmt 56-199] Attempt to get parsing info during refresh. "On-the-fly" syntax checking information may be incorrect. [/home/moginh/Projects/BConv/BConv.srcs/sources_1/new/CU.v:]
WARNING: [filemgmt 56-199] Attempt to get parsing info during refresh. "On-the-fly" syntax checking information may be incorrect. [/home/moginh/Projects/BConv/BConv.srcs/sim_1/new/CU_tb.v:]
WARNING: [filemgmt 56-199] Attempt to get parsing info during refresh. "On-the-fly" syntax checking information may be incorrect. [/home/moginh/Projects/BConv/BConv.srcs/sources_1/new/BConvEngine_CU.v:]
WARNING: [filemgmt 56-199] Attempt to get parsing info during refresh. "On-the-fly" syntax checking information may be incorrect. [/home/moginh/Projects/BConv/BConv.srcs/sources_1/new/delay.v:]
WARNING: [filemgmt 56-199] Attempt to get parsing info during refresh. "On-the-fly" syntax checking information may be incorrect. [/home/moginh/Projects/BConv/BConv.srcs/sim_1/new/CU_standalone_tb.v:]
WARNING: [filemgmt 56-199] Attempt to get parsing info during refresh. "On-the-fly" syntax checking information may be incorrect. [/home/moginh/Projects/BConv/BConv.srcs/sources_1/new/CU_standalone.v:]
WARNING: [filemgmt 56-199] Attempt to get parsing info during refresh. "On-the-fly" syntax checking information may be incorrect. [/home/moginh/Projects/BConv/BConv.srcs/sources_1/new/BConvEngine_8PE_V2.sv:]
WARNING: [filemgmt 56-199] Attempt to get parsing info during refresh. "On-the-fly" syntax checking information may be incorrect. [/home/moginh/Projects/BConv/BConv.srcs/sources_1/new/CU.v:]
WARNING: [filemgmt 56-199] Attempt to get parsing info during refresh. "On-the-fly" syntax checking information may be incorrect. [/home/moginh/Projects/BConv/BConv.srcs/sim_1/new/CU_tb.v:]
WARNING: [filemgmt 56-199] Attempt to get parsing info during refresh. "On-the-fly" syntax checking information may be incorrect. [/home/moginh/Projects/BConv/BConv.srcs/sources_1/new/BConvEngine_CU.v:]
WARNING: [filemgmt 56-199] Attempt to get parsing info during refresh. "On-the-fly" syntax checking information may be incorrect. [/home/moginh/Projects/BConv/BConv.srcs/sources_1/new/delay.v:]
WARNING: [filemgmt 56-199] Attempt to get parsing info during refresh. "On-the-fly" syntax checking information may be incorrect. [/home/moginh/Projects/BConv/BConv.srcs/sim_1/new/CU_standalone_tb.v:]
WARNING: [filemgmt 56-199] Attempt to get parsing info during refresh. "On-the-fly" syntax checking information may be incorrect. [/home/moginh/Projects/BConv/BConv.srcs/sources_1/new/CU_standalone.v:]
WARNING: [filemgmt 56-199] Attempt to get parsing info during refresh. "On-the-fly" syntax checking information may be incorrect. [/home/moginh/Projects/BConv/BConv.srcs/sources_1/new/BConvEngine_8PE_V2.sv:]
WARNING: [filemgmt 56-199] Attempt to get parsing info during refresh. "On-the-fly" syntax checking information may be incorrect. [/home/moginh/Projects/BConv/BConv.srcs/sources_1/new/CU.v:]
WARNING: [filemgmt 56-199] Attempt to get parsing info during refresh. "On-the-fly" syntax checking information may be incorrect. [/home/moginh/Projects/BConv/BConv.srcs/sim_1/new/CU_tb.v:]
WARNING: [filemgmt 56-199] Attempt to get parsing info during refresh. "On-the-fly" syntax checking information may be incorrect. [/home/moginh/Projects/BConv/BConv.srcs/sources_1/new/BConvEngine_CU.v:]
WARNING: [filemgmt 56-199] Attempt to get parsing info during refresh. "On-the-fly" syntax checking information may be incorrect. [/home/moginh/Projects/BConv/BConv.srcs/sources_1/new/delay.v:]
WARNING: [filemgmt 56-199] Attempt to get parsing info during refresh. "On-the-fly" syntax checking information may be incorrect. [/home/moginh/Projects/BConv/BConv.srcs/sim_1/new/CU_standalone_tb.v:]
WARNING: [filemgmt 56-199] Attempt to get parsing info during refresh. "On-the-fly" syntax checking information may be incorrect. [/home/moginh/Projects/BConv/BConv.srcs/sources_1/new/CU_standalone.v:]
WARNING: [filemgmt 56-199] Attempt to get parsing info during refresh. "On-the-fly" syntax checking information may be incorrect. [/home/moginh/Projects/BConv/BConv.srcs/sources_1/new/BConvEngine_8PE_V2.sv:]
WARNING: [filemgmt 56-199] Attempt to get parsing info during refresh. "On-the-fly" syntax checking information may be incorrect. [/home/moginh/Projects/BConv/BConv.srcs/sources_1/new/CU.v:]
WARNING: [filemgmt 56-199] Attempt to get parsing info during refresh. "On-the-fly" syntax checking information may be incorrect. [/home/moginh/Projects/BConv/BConv.srcs/sim_1/new/CU_tb.v:]
WARNING: [filemgmt 56-199] Attempt to get parsing info during refresh. "On-the-fly" syntax checking information may be incorrect. [/home/moginh/Projects/BConv/BConv.srcs/sources_1/new/BConvEngine_CU.v:]
WARNING: [filemgmt 56-199] Attempt to get parsing info during refresh. "On-the-fly" syntax checking information may be incorrect. [/home/moginh/Projects/BConv/BConv.srcs/sources_1/new/delay.v:]
WARNING: [filemgmt 56-199] Attempt to get parsing info during refresh. "On-the-fly" syntax checking information may be incorrect. [/home/moginh/Projects/BConv/BConv.srcs/sim_1/new/CU_standalone_tb.v:]
WARNING: [filemgmt 56-199] Attempt to get parsing info during refresh. "On-the-fly" syntax checking information may be incorrect. [/home/moginh/Projects/BConv/BConv.srcs/sources_1/new/CU_standalone.v:]
WARNING: [filemgmt 56-199] Attempt to get parsing info during refresh. "On-the-fly" syntax checking information may be incorrect. [/home/moginh/Projects/BConv/BConv.srcs/sources_1/new/BConvEngine_8PE_V2.sv:]
WARNING: [filemgmt 56-199] Attempt to get parsing info during refresh. "On-the-fly" syntax checking information may be incorrect. [/home/moginh/Projects/BConv/BConv.srcs/sources_1/new/CU.v:]
WARNING: [filemgmt 56-199] Attempt to get parsing info during refresh. "On-the-fly" syntax checking information may be incorrect. [/home/moginh/Projects/BConv/BConv.srcs/sim_1/new/CU_tb.v:]
WARNING: [filemgmt 56-199] Attempt to get parsing info during refresh. "On-the-fly" syntax checking information may be incorrect. [/home/moginh/Projects/BConv/BConv.srcs/sources_1/new/BConvEngine_CU.v:]
WARNING: [filemgmt 56-199] Attempt to get parsing info during refresh. "On-the-fly" syntax checking information may be incorrect. [/home/moginh/Projects/BConv/BConv.srcs/sources_1/new/delay.v:]
WARNING: [filemgmt 56-199] Attempt to get parsing info during refresh. "On-the-fly" syntax checking information may be incorrect. [/home/moginh/Projects/BConv/BConv.srcs/sim_1/new/CU_standalone_tb.v:]
WARNING: [filemgmt 56-199] Attempt to get parsing info during refresh. "On-the-fly" syntax checking information may be incorrect. [/home/moginh/Projects/BConv/BConv.srcs/sources_1/new/CU_standalone.v:]
WARNING: [filemgmt 56-199] Attempt to get parsing info during refresh. "On-the-fly" syntax checking information may be incorrect. [/home/moginh/Projects/BConv/BConv.srcs/sources_1/new/BConvEngine_8PE_V2.sv:]
WARNING: [filemgmt 56-199] Attempt to get parsing info during refresh. "On-the-fly" syntax checking information may be incorrect. [/home/moginh/Projects/BConv/BConv.srcs/sources_1/new/CU.v:]
WARNING: [filemgmt 56-199] Attempt to get parsing info during refresh. "On-the-fly" syntax checking information may be incorrect. [/home/moginh/Projects/BConv/BConv.srcs/sim_1/new/CU_tb.v:]
reset_run synth_1
launch_runs impl_1 -jobs 32
[Mon Dec 22 18:40:43 2025] Launched synth_1...
Run output will be captured here: /home/moginh/Projects/BConv/BConv.runs/synth_1/runme.log
[Mon Dec 22 18:40:44 2025] Launched impl_1...
Run output will be captured here: /home/moginh/Projects/BConv/BConv.runs/impl_1/runme.log
close_design
open_run impl_1
Netlist sorting complete. Time (s): cpu = 00:00:00.05 ; elapsed = 00:00:00.05 . Memory (MB): peak = 11874.887 ; gain = 0.000 ; free physical = 112166 ; free virtual = 125064
INFO: [Netlist 29-17] Analyzing 196 Unisim elements for replacement
INFO: [Netlist 29-28] Unisim Transformation completed in 0 CPU seconds
INFO: [Project 1-479] Netlist was created with Vivado 2023.2
INFO: [Project 1-570] Preparing netlist for logic optimization
Read ShapeDB Complete: Time (s): cpu = 00:00:00.02 ; elapsed = 00:00:00.01 . Memory (MB): peak = 11874.887 ; gain = 0.000 ; free physical = 112168 ; free virtual = 125067
INFO: [Timing 38-478] Restoring timing data from binary archive.
INFO: [Timing 38-479] Binary timing data restore complete.
INFO: [Project 1-856] Restoring constraints from binary archive.
INFO: [Project 1-853] Binary constraint restore complete.
INFO: [Designutils 20-5722] Start Reading Physical Databases.
Reading placement.
Read Netlist Cache: Time (s): cpu = 00:00:00.01 ; elapsed = 00:00:00.01 . Memory (MB): peak = 11874.887 ; gain = 0.000 ; free physical = 117430 ; free virtual = 130328
Reading placer database...
Read Device Cache: Time (s): cpu = 00:00:00.03 ; elapsed = 00:00:00.02 . Memory (MB): peak = 11874.887 ; gain = 0.000 ; free physical = 117430 ; free virtual = 130328
Read PlaceDB: Time (s): cpu = 00:00:00.19 ; elapsed = 00:00:00.17 . Memory (MB): peak = 11874.887 ; gain = 0.000 ; free physical = 117435 ; free virtual = 130334
Read PulsedLatchDB: Time (s): cpu = 00:00:00 ; elapsed = 00:00:00 . Memory (MB): peak = 11874.887 ; gain = 0.000 ; free physical = 117435 ; free virtual = 130334
Reading routing.
Read RouteStorage: Time (s): cpu = 00:00:00.1 ; elapsed = 00:00:00.1 . Memory (MB): peak = 11874.887 ; gain = 0.000 ; free physical = 117434 ; free virtual = 130333
Read Physdb Files: Time (s): cpu = 00:00:00.34 ; elapsed = 00:00:00.31 . Memory (MB): peak = 11874.887 ; gain = 0.000 ; free physical = 117434 ; free virtual = 130333
Restored from archive | CPU: 0.360000 secs | Memory: 7.027710 MB |
Finished XDEF File Restore: Time (s): cpu = 00:00:00.34 ; elapsed = 00:00:00.31 . Memory (MB): peak = 11874.887 ; gain = 0.000 ; free physical = 117434 ; free virtual = 130333
Netlist sorting complete. Time (s): cpu = 00:00:00 ; elapsed = 00:00:00 . Memory (MB): peak = 11874.887 ; gain = 0.000 ; free physical = 117434 ; free virtual = 130333
INFO: [Project 1-111] Unisim Transformation Summary:
  A total of 22 instances were transformed.
  DSP48E2 => DSP48E2 (DSP_ALU, DSP_A_B_DATA, DSP_C_DATA, DSP_MULTIPLIER, DSP_M_DATA, DSP_OUTPUT, DSP_PREADD, DSP_PREADD_DATA): 6 instances
  DSP48E2 => DSP48E2 (inverted pins: RSTP) (DSP_ALU, DSP_A_B_DATA, DSP_C_DATA, DSP_MULTIPLIER, DSP_M_DATA, DSP_OUTPUT, DSP_PREADD, DSP_PREADD_DATA): 12 instances
  RAM32M => RAM32M (RAMD32(x6), RAMS32(x2)): 1 instance 
  RAM32M16 => RAM32M16 (RAMD32(x14), RAMS32(x2)): 3 instances

open_run: Time (s): cpu = 00:00:19 ; elapsed = 00:00:09 . Memory (MB): peak = 11879.914 ; gain = 5.027 ; free physical = 117201 ; free virtual = 130126
close_design
exit
INFO: [Common 17-206] Exiting Vivado at Mon Dec 22 19:10:50 2025...
