Copyright 1986-2022 Xilinx, Inc. All Rights Reserved. Copyright 2022-2023 Advanced Micro Devices, Inc. All Rights Reserved.
-------------------------------------------------------------------------------------------------------------------------------------------------------
| Tool Version     : Vivado v.2023.2 (lin64) Build 4029153 Fri Oct 13 20:13:54 MDT 2023
| Date             : Wed Dec  3 13:49:37 2025
| Host             : dis-lab-SYS-7049GP-TRT running 64-bit Ubuntu 24.04.3 LTS
| Command          : report_power -file BConvEngine_power_routed.rpt -pb BConvEngine_power_summary_routed.pb -rpx BConvEngine_power_routed.rpx
| Design           : BConvEngine
| Device           : xcu280-fsvh2892-2L-e
| Design State     : routed
| Grade            : extended
| Process          : typical
| Characterization : Production
-------------------------------------------------------------------------------------------------------------------------------------------------------

Power Report

Table of Contents
-----------------
1. Summary
1.1 On-Chip Components
1.2 Power Supply Summary
1.3 Confidence Level
2. Settings
2.1 Environment
2.2 Clock Constraints
3. Detailed Reports
3.1 By Hierarchy

1. Summary
----------

+--------------------------+---------------+
| Total On-Chip Power (W)  | 6.843         |
|   FPGA Power (W)         | 6.491         |
|   HBM Power (W)          | 0.352         |
| Design Power Budget (W)  | 160.000       |
| Power Budget Margin (W)  | 153.157 (MET) |
| Dynamic (W)              | 1.099         |
| Device Static (W)        | 5.744         |
| Effective TJA (C/W)      | 0.8           |
| Max Ambient (C)          | 94.9          |
| Junction Temperature (C) | 60.1          |
| Confidence Level         | Medium        |
| Setting File             | ---           |
| Simulation Activity File | ---           |
| Design Nets Matched      | NA            |
+--------------------------+---------------+


1.1 On-Chip Components
----------------------

+-------------------------+-----------+----------+-----------+-----------------+
| On-Chip                 | Power (W) | Used     | Available | Utilization (%) |
+-------------------------+-----------+----------+-----------+-----------------+
| Clocks                  |     0.360 |        3 |       --- |             --- |
| CLB Logic               |     0.246 |    48672 |       --- |             --- |
|   LUT as Logic          |     0.170 |    16105 |   1303680 |            1.24 |
|   LUT as Shift Register |     0.041 |     1432 |    600960 |            0.24 |
|   Register              |     0.018 |    19479 |   2607360 |            0.75 |
|   CARRY8                |     0.017 |     2106 |    162960 |            1.29 |
|   Others                |     0.000 |     1288 |       --- |             --- |
| Signals                 |     0.234 |    48865 |       --- |             --- |
| DSPs                    |     0.259 |      288 |      9024 |            3.19 |
| Static Power            |     5.744 |          |           |                 |
| Total                   |     6.843 |          |           |                 |
+-------------------------+-----------+----------+-----------+-----------------+


1.2 Power Supply Summary
------------------------

+------------+-------------+-----------+-------------+------------+-------------+-------------+---------------+
| Source     | Voltage (V) | Total (A) | Dynamic (A) | Static (A) | Powerup (A) | Budget (A)  | Margin (A)    |
+------------+-------------+-----------+-------------+------------+-------------+-------------+---------------+
| Vccint     |       0.850 |     5.337 |       1.293 |      4.043 |       NA    |     150.000 | 144.663 (MET) |
| Vccint_io  |       0.850 |     0.486 |       0.000 |      0.486 |       NA    |       5.000 | 4.514 (MET)   |
| Vccbram    |       0.850 |     0.105 |       0.000 |      0.105 |       NA    |       3.000 | 2.895 (MET)   |
| Vccaux     |       1.800 |     0.744 |       0.000 |      0.744 |       NA    |       4.000 | 3.256 (MET)   |
| Vccaux_io  |       1.800 |     0.035 |       0.000 |      0.035 |       NA    |       3.000 | 2.965 (MET)   |
| Vcco33     |       3.300 |     0.000 |       0.000 |      0.000 |       NA    | Unspecified | NA            |
| Vcco25     |       2.500 |     0.000 |       0.000 |      0.000 |       NA    | Unspecified | NA            |
| Vcco18     |       1.800 |     0.000 |       0.000 |      0.000 |       NA    |       0.500 | 0.500 (MET)   |
| Vcco15     |       1.500 |     0.000 |       0.000 |      0.000 |       NA    | Unspecified | NA            |
| Vcco135    |       1.350 |     0.000 |       0.000 |      0.000 |       NA    | Unspecified | NA            |
| Vcco12     |       1.200 |     0.000 |       0.000 |      0.000 |       NA    |       2.000 | 2.000 (MET)   |
| Vcco10     |       1.000 |     0.000 |       0.000 |      0.000 |       NA    | Unspecified | NA            |
| Vccadc     |       1.800 |     0.024 |       0.000 |      0.024 |       NA    |       0.025 | 0.001 (MET)   |
| VCC_IO_HBM |       1.200 |     0.115 |       0.000 |      0.115 |       NA    |       6.000 | 5.885 (MET)   |
| VCC_HBM    |       1.200 |     0.136 |       0.000 |      0.136 |       NA    |      12.000 | 11.864 (MET)  |
| VCCAUX_HBM |       2.500 |     0.023 |       0.000 |      0.023 |       NA    |       4.000 | 3.977 (MET)   |
| MGTYAVcc   |       0.900 |     0.000 |       0.000 |      0.000 |       NA    |       4.000 | 4.000 (MET)   |
| MGTYAVtt   |       1.200 |     0.000 |       0.000 |      0.000 |       NA    |       8.000 | 8.000 (MET)   |
| MGTYVccaux |       1.800 |     0.000 |       0.000 |      0.000 |       NA    |       0.500 | 0.500 (MET)   |
+------------+-------------+-----------+-------------+------------+-------------+-------------+---------------+


1.3 Confidence Level
--------------------

+-----------------------------+------------+------------------------------------------------+------------------------------------------------------------------------------------------------------------+
| User Input Data             | Confidence | Details                                        | Action                                                                                                     |
+-----------------------------+------------+------------------------------------------------+------------------------------------------------------------------------------------------------------------+
| Design implementation state | High       | Design is routed                               |                                                                                                            |
| Clock nodes activity        | High       | User specified more than 95% of clocks         |                                                                                                            |
| I/O nodes activity          | High       | User specified more than 95% of inputs         |                                                                                                            |
| Internal nodes activity     | Medium     | User specified less than 25% of internal nodes | Provide missing internal nodes activity with simulation results or by editing the "By Resource Type" views |
| Device models               | High       | Device models are Production                   |                                                                                                            |
|                             |            |                                                |                                                                                                            |
| Overall confidence level    | Medium     |                                                |                                                                                                            |
+-----------------------------+------------+------------------------------------------------+------------------------------------------------------------------------------------------------------------+


2. Settings
-----------

2.1 Environment
---------------

+-----------------------+--------------------------+
| Ambient Temp (C)      | 55.0                     |
| ThetaJA (C/W)         | 0.8                      |
| Airflow (LFM)         | 250                      |
| Heat Sink             | medium (Medium Profile)  |
| ThetaSA (C/W)         | 0.5                      |
| Board Selection       | medium (10"x10")         |
| # of Board Layers     | 12to15 (12 to 15 Layers) |
| Board Temperature (C) | 25.0                     |
+-----------------------+--------------------------+


2.2 Clock Constraints
---------------------

+-------+--------+-----------------+
| Clock | Domain | Constraint (ns) |
+-------+--------+-----------------+
| clk   | clk    |             3.5 |
+-------+--------+-----------------+


3. Detailed Reports
-------------------

3.1 By Hierarchy
----------------

+---------------------+-----------+
| Name                | Power (W) |
+---------------------+-----------+
| BConvEngine         |     1.099 |
|   MM0               |     0.123 |
|     ModMul_0        |     0.123 |
|       delay_m1      |     0.003 |
|       delay_m3      |     0.003 |
|       delay_mu      |     0.004 |
|       delay_q       |     0.004 |
|       delay_q_final |     0.004 |
|       delay_z       |     0.007 |
|       mul_w1        |     0.006 |
|       mul_w3        |     0.006 |
|       mul_w5        |     0.005 |
|       mul_w_mu_0    |     0.004 |
|       mul_w_mu_2    |     0.009 |
|       mul_w_mu_4    |     0.007 |
|       mul_y0        |     0.006 |
|       mul_y2        |     0.005 |
|       mul_y4        |     0.002 |
|       mul_z0        |     0.004 |
|       mul_z2        |     0.006 |
|       mul_z4        |     0.006 |
|       pipe_r        |     0.002 |
|       pipe_t        |     0.008 |
|       pipe_w0_sub   |     0.001 |
|       pipe_w1       |     0.002 |
|       pipe_w3       |     0.002 |
|       pipe_w5       |     0.002 |
|       pipe_z1       |     0.002 |
|       pipe_z3       |     0.002 |
|       pipe_z5       |     0.003 |
|   MM1               |     0.125 |
|     ModMul_0        |     0.125 |
|       delay_m1      |     0.003 |
|       delay_m3      |     0.003 |
|       delay_mu      |     0.004 |
|       delay_q       |     0.004 |
|       delay_q_final |     0.004 |
|       delay_z       |     0.007 |
|       mul_w1        |     0.007 |
|       mul_w3        |     0.006 |
|       mul_w5        |     0.005 |
|       mul_w_mu_0    |     0.004 |
|       mul_w_mu_2    |     0.009 |
|       mul_w_mu_4    |     0.007 |
|       mul_y0        |     0.006 |
|       mul_y2        |     0.005 |
|       mul_y4        |     0.002 |
|       mul_z0        |     0.005 |
|       mul_z2        |     0.007 |
|       mul_z4        |     0.006 |
|       pipe_r        |     0.002 |
|       pipe_t        |     0.008 |
|       pipe_w0_sub   |     0.001 |
|       pipe_w1       |     0.002 |
|       pipe_w3       |     0.002 |
|       pipe_w5       |     0.002 |
|       pipe_z1       |     0.002 |
|       pipe_z3       |     0.002 |
|       pipe_z5       |     0.003 |
|   MM2               |     0.037 |
|     ModMul_0        |     0.037 |
|       delay_mu      |     0.004 |
|       delay_q       |     0.004 |
|       delay_q_final |     0.003 |
|       delay_z       |     0.002 |
|       mul_w_mu_2    |     0.002 |
|       pipe_t        |     0.002 |
|       pipe_z1       |     0.001 |
|       pipe_z3       |     0.001 |
|   MM3               |     0.034 |
|     ModMul_0        |     0.034 |
|       delay_mu      |     0.004 |
|       delay_q       |     0.004 |
|       delay_q_final |     0.003 |
|       delay_z       |     0.002 |
|       pipe_t        |     0.001 |
|       pipe_z5       |     0.001 |
|   MM4               |     0.036 |
|     ModMul_0        |     0.036 |
|       delay_mu      |     0.004 |
|       delay_q       |     0.004 |
|       delay_q_final |     0.003 |
|       delay_z       |     0.002 |
|       pipe_t        |     0.001 |
|   MM5               |     0.034 |
|     ModMul_0        |     0.034 |
|       delay_mu      |     0.004 |
|       delay_q       |     0.004 |
|       delay_q_final |     0.003 |
|       delay_z       |     0.002 |
|       pipe_t        |     0.002 |
|   MM6               |     0.035 |
|     ModMul_0        |     0.035 |
|       delay_mu      |     0.004 |
|       delay_q       |     0.004 |
|       delay_q_final |     0.003 |
|       delay_z       |     0.002 |
|       pipe_t        |     0.002 |
|       pipe_z3       |     0.001 |
|   MM7               |     0.036 |
|     ModMul_0        |     0.036 |
|       delay_mu      |     0.004 |
|       delay_q       |     0.004 |
|       delay_q_final |     0.003 |
|       delay_z       |     0.002 |
|       mul_z4        |     0.001 |
|       pipe_t        |     0.002 |
|       pipe_z1       |     0.001 |
|       pipe_z3       |     0.001 |
|   mu_p0_delay       |     0.002 |
|   p0_delay          |     0.002 |
|   pipe_x0           |     0.001 |
|   pipe_x1           |     0.001 |
|   qHat0_delay       |     0.002 |
|   qHat1_delay       |     0.002 |
|   systolic_0        |     0.598 |
|     mu_delay1       |     0.002 |
|     mu_delay2       |     0.002 |
|     mu_delay3       |     0.002 |
|     mu_delay4       |     0.002 |
|     mu_delay5       |     0.002 |
|     mu_delay6       |     0.002 |
|     mu_delay7       |     0.002 |
|     pe00            |     0.148 |
|       ModAdd_0      |     0.003 |
|       ModMul_0      |     0.139 |
|       ModSub_0      |     0.006 |
|     pe01            |     0.142 |
|       ModAdd_0      |     0.004 |
|       ModMul_0      |     0.130 |
|       ModSub_0      |     0.008 |
|     pe02            |     0.042 |
|       ModAdd_0      |     0.004 |
|       ModMul_0      |     0.031 |
|       ModSub_0      |     0.007 |
|     pe03            |     0.043 |
|       ModAdd_0      |     0.004 |
|       ModMul_0      |     0.032 |
|       ModSub_0      |     0.007 |
|     pe04            |     0.042 |
|       ModAdd_0      |     0.004 |
|       ModMul_0      |     0.031 |
|       ModSub_0      |     0.007 |
|     pe05            |     0.039 |
|       ModAdd_0      |     0.004 |
|       ModMul_0      |     0.029 |
|       ModSub_0      |     0.007 |
|     pe06            |     0.040 |
|       ModAdd_0      |     0.004 |
|       ModMul_0      |     0.029 |
|       ModSub_0      |     0.007 |
|     pe07            |     0.051 |
|       ModAdd_0      |     0.004 |
|       ModMul_0      |     0.030 |
|       ModSub_0      |     0.007 |
|       q_delay_1     |     0.002 |
|       q_delay_2     |     0.001 |
|       q_delay_3     |     0.008 |
|     qHat1_delay     |     0.002 |
|     q_delay1        |     0.002 |
|     q_delay2        |     0.002 |
|     q_delay3        |     0.002 |
|     q_delay4        |     0.002 |
|     q_delay5        |     0.002 |
|     q_delay6        |     0.002 |
|     q_delay7        |     0.002 |
|     r_mu            |     0.001 |
|     r_q             |     0.002 |
|     r_x0            |     0.001 |
|     r_x1            |     0.001 |
|     x1_delay        |     0.002 |
+---------------------+-----------+


