Copyright 1986-2022 Xilinx, Inc. All Rights Reserved. Copyright 2022-2023 Advanced Micro Devices, Inc. All Rights Reserved.
---------------------------------------------------------------------------------------------------------------------------------------------
| Tool Version : Vivado v.2023.2 (lin64) Build 4029153 Fri Oct 13 20:13:54 MDT 2023
| Date         : Tue Dec  2 22:45:39 2025
| Host         : dis-lab-SYS-7049GP-TRT running 64-bit Ubuntu 24.04.3 LTS
| Command      : report_drc -file systolic_drc_opted.rpt -pb systolic_drc_opted.pb -rpx systolic_drc_opted.rpx
| Design       : systolic
| Device       : xcu280-fsvh2892-2L-e
| Speed File   : -2L
| Design State : Synthesized
---------------------------------------------------------------------------------------------------------------------------------------------

Report DRC

Table of Contents
-----------------
1. REPORT SUMMARY
2. REPORT DETAILS

1. REPORT SUMMARY
-----------------
            Netlist: netlist
          Floorplan: design_1
      Design limits: <entire design considered>
           Ruledeck: default
             Max violations: <unlimited>
             Violations found: 240
+--------+----------+------------------------+------------+
| Rule   | Severity | Description            | Violations |
+--------+----------+------------------------+------------+
| DPIP-2 | Warning  | Input pipelining       | 192        |
| DPOP-4 | Warning  | MREG Output pipelining | 48         |
+--------+----------+------------------------+------------+

2. REPORT DETAILS
-----------------
DPIP-2#1 Warning
Input pipelining  
DSP pe00/ModMul_0/mul_w1/mul_0/out_reg input pe00/ModMul_0/mul_w1/mul_0/out_reg/A[29:0] is not pipelined. Pipelining DSP48 input will improve performance.
Related violations: <none>

DPIP-2#2 Warning
Input pipelining  
DSP pe00/ModMul_0/mul_w1/mul_0/out_reg input pe00/ModMul_0/mul_w1/mul_0/out_reg/B[17:0] is not pipelined. Pipelining DSP48 input will improve performance.
Related violations: <none>

DPIP-2#3 Warning
Input pipelining  
DSP pe00/ModMul_0/mul_w1/mul_0/out_reg input pe00/ModMul_0/mul_w1/mul_0/out_reg/C[47:0] is not pipelined. Pipelining DSP48 input will improve performance.
Related violations: <none>

DPIP-2#4 Warning
Input pipelining  
DSP pe00/ModMul_0/mul_w3/mul_0/out_reg input pe00/ModMul_0/mul_w3/mul_0/out_reg/A[29:0] is not pipelined. Pipelining DSP48 input will improve performance.
Related violations: <none>

DPIP-2#5 Warning
Input pipelining  
DSP pe00/ModMul_0/mul_w3/mul_0/out_reg input pe00/ModMul_0/mul_w3/mul_0/out_reg/B[17:0] is not pipelined. Pipelining DSP48 input will improve performance.
Related violations: <none>

DPIP-2#6 Warning
Input pipelining  
DSP pe00/ModMul_0/mul_w3/mul_0/out_reg input pe00/ModMul_0/mul_w3/mul_0/out_reg/C[47:0] is not pipelined. Pipelining DSP48 input will improve performance.
Related violations: <none>

DPIP-2#7 Warning
Input pipelining  
DSP pe00/ModMul_0/mul_w5/mul_0/out_reg input pe00/ModMul_0/mul_w5/mul_0/out_reg/A[29:0] is not pipelined. Pipelining DSP48 input will improve performance.
Related violations: <none>

DPIP-2#8 Warning
Input pipelining  
DSP pe00/ModMul_0/mul_w5/mul_0/out_reg input pe00/ModMul_0/mul_w5/mul_0/out_reg/B[17:0] is not pipelined. Pipelining DSP48 input will improve performance.
Related violations: <none>

DPIP-2#9 Warning
Input pipelining  
DSP pe00/ModMul_0/mul_w5/mul_0/out_reg input pe00/ModMul_0/mul_w5/mul_0/out_reg/C[47:0] is not pipelined. Pipelining DSP48 input will improve performance.
Related violations: <none>

DPIP-2#10 Warning
Input pipelining  
DSP pe00/ModMul_0/mul_z0/out_reg input pe00/ModMul_0/mul_z0/out_reg/A[29:0] is not pipelined. Pipelining DSP48 input will improve performance.
Related violations: <none>

DPIP-2#11 Warning
Input pipelining  
DSP pe00/ModMul_0/mul_z0/out_reg input pe00/ModMul_0/mul_z0/out_reg/B[17:0] is not pipelined. Pipelining DSP48 input will improve performance.
Related violations: <none>

DPIP-2#12 Warning
Input pipelining  
DSP pe00/ModMul_0/mul_z2/out_reg input pe00/ModMul_0/mul_z2/out_reg/A[29:0] is not pipelined. Pipelining DSP48 input will improve performance.
Related violations: <none>

DPIP-2#13 Warning
Input pipelining  
DSP pe00/ModMul_0/mul_z2/out_reg input pe00/ModMul_0/mul_z2/out_reg/B[17:0] is not pipelined. Pipelining DSP48 input will improve performance.
Related violations: <none>

DPIP-2#14 Warning
Input pipelining  
DSP pe00/ModMul_0/mul_z4/out_reg input pe00/ModMul_0/mul_z4/out_reg/A[29:0] is not pipelined. Pipelining DSP48 input will improve performance.
Related violations: <none>

DPIP-2#15 Warning
Input pipelining  
DSP pe00/ModMul_0/mul_z4/out_reg input pe00/ModMul_0/mul_z4/out_reg/B[17:0] is not pipelined. Pipelining DSP48 input will improve performance.
Related violations: <none>

DPIP-2#16 Warning
Input pipelining  
DSP pe00/ModMul_0/pipe_w1/out_reg input pe00/ModMul_0/pipe_w1/out_reg/B[17:0] is not pipelined. Pipelining DSP48 input will improve performance.
Related violations: <none>

DPIP-2#17 Warning
Input pipelining  
DSP pe00/ModMul_0/pipe_w3/out_reg input pe00/ModMul_0/pipe_w3/out_reg/B[17:0] is not pipelined. Pipelining DSP48 input will improve performance.
Related violations: <none>

DPIP-2#18 Warning
Input pipelining  
DSP pe00/ModMul_0/pipe_w5/out_reg input pe00/ModMul_0/pipe_w5/out_reg/B[17:0] is not pipelined. Pipelining DSP48 input will improve performance.
Related violations: <none>

DPIP-2#19 Warning
Input pipelining  
DSP pe00/ModMul_0/pipe_z1/out_reg input pe00/ModMul_0/pipe_z1/out_reg/A[29:0] is not pipelined. Pipelining DSP48 input will improve performance.
Related violations: <none>

DPIP-2#20 Warning
Input pipelining  
DSP pe00/ModMul_0/pipe_z1/out_reg input pe00/ModMul_0/pipe_z1/out_reg/B[17:0] is not pipelined. Pipelining DSP48 input will improve performance.
Related violations: <none>

DPIP-2#21 Warning
Input pipelining  
DSP pe00/ModMul_0/pipe_z3/out_reg input pe00/ModMul_0/pipe_z3/out_reg/A[29:0] is not pipelined. Pipelining DSP48 input will improve performance.
Related violations: <none>

DPIP-2#22 Warning
Input pipelining  
DSP pe00/ModMul_0/pipe_z3/out_reg input pe00/ModMul_0/pipe_z3/out_reg/B[17:0] is not pipelined. Pipelining DSP48 input will improve performance.
Related violations: <none>

DPIP-2#23 Warning
Input pipelining  
DSP pe00/ModMul_0/pipe_z5/out_reg input pe00/ModMul_0/pipe_z5/out_reg/A[29:0] is not pipelined. Pipelining DSP48 input will improve performance.
Related violations: <none>

DPIP-2#24 Warning
Input pipelining  
DSP pe00/ModMul_0/pipe_z5/out_reg input pe00/ModMul_0/pipe_z5/out_reg/B[17:0] is not pipelined. Pipelining DSP48 input will improve performance.
Related violations: <none>

DPIP-2#25 Warning
Input pipelining  
DSP pe01/ModMul_0/mul_w1/mul_0/out_reg input pe01/ModMul_0/mul_w1/mul_0/out_reg/A[29:0] is not pipelined. Pipelining DSP48 input will improve performance.
Related violations: <none>

DPIP-2#26 Warning
Input pipelining  
DSP pe01/ModMul_0/mul_w1/mul_0/out_reg input pe01/ModMul_0/mul_w1/mul_0/out_reg/B[17:0] is not pipelined. Pipelining DSP48 input will improve performance.
Related violations: <none>

DPIP-2#27 Warning
Input pipelining  
DSP pe01/ModMul_0/mul_w1/mul_0/out_reg input pe01/ModMul_0/mul_w1/mul_0/out_reg/C[47:0] is not pipelined. Pipelining DSP48 input will improve performance.
Related violations: <none>

DPIP-2#28 Warning
Input pipelining  
DSP pe01/ModMul_0/mul_w3/mul_0/out_reg input pe01/ModMul_0/mul_w3/mul_0/out_reg/A[29:0] is not pipelined. Pipelining DSP48 input will improve performance.
Related violations: <none>

DPIP-2#29 Warning
Input pipelining  
DSP pe01/ModMul_0/mul_w3/mul_0/out_reg input pe01/ModMul_0/mul_w3/mul_0/out_reg/B[17:0] is not pipelined. Pipelining DSP48 input will improve performance.
Related violations: <none>

DPIP-2#30 Warning
Input pipelining  
DSP pe01/ModMul_0/mul_w3/mul_0/out_reg input pe01/ModMul_0/mul_w3/mul_0/out_reg/C[47:0] is not pipelined. Pipelining DSP48 input will improve performance.
Related violations: <none>

DPIP-2#31 Warning
Input pipelining  
DSP pe01/ModMul_0/mul_w5/mul_0/out_reg input pe01/ModMul_0/mul_w5/mul_0/out_reg/A[29:0] is not pipelined. Pipelining DSP48 input will improve performance.
Related violations: <none>

DPIP-2#32 Warning
Input pipelining  
DSP pe01/ModMul_0/mul_w5/mul_0/out_reg input pe01/ModMul_0/mul_w5/mul_0/out_reg/B[17:0] is not pipelined. Pipelining DSP48 input will improve performance.
Related violations: <none>

DPIP-2#33 Warning
Input pipelining  
DSP pe01/ModMul_0/mul_w5/mul_0/out_reg input pe01/ModMul_0/mul_w5/mul_0/out_reg/C[47:0] is not pipelined. Pipelining DSP48 input will improve performance.
Related violations: <none>

DPIP-2#34 Warning
Input pipelining  
DSP pe01/ModMul_0/mul_z0/out_reg input pe01/ModMul_0/mul_z0/out_reg/A[29:0] is not pipelined. Pipelining DSP48 input will improve performance.
Related violations: <none>

DPIP-2#35 Warning
Input pipelining  
DSP pe01/ModMul_0/mul_z0/out_reg input pe01/ModMul_0/mul_z0/out_reg/B[17:0] is not pipelined. Pipelining DSP48 input will improve performance.
Related violations: <none>

DPIP-2#36 Warning
Input pipelining  
DSP pe01/ModMul_0/mul_z2/out_reg input pe01/ModMul_0/mul_z2/out_reg/A[29:0] is not pipelined. Pipelining DSP48 input will improve performance.
Related violations: <none>

DPIP-2#37 Warning
Input pipelining  
DSP pe01/ModMul_0/mul_z2/out_reg input pe01/ModMul_0/mul_z2/out_reg/B[17:0] is not pipelined. Pipelining DSP48 input will improve performance.
Related violations: <none>

DPIP-2#38 Warning
Input pipelining  
DSP pe01/ModMul_0/mul_z4/out_reg input pe01/ModMul_0/mul_z4/out_reg/A[29:0] is not pipelined. Pipelining DSP48 input will improve performance.
Related violations: <none>

DPIP-2#39 Warning
Input pipelining  
DSP pe01/ModMul_0/mul_z4/out_reg input pe01/ModMul_0/mul_z4/out_reg/B[17:0] is not pipelined. Pipelining DSP48 input will improve performance.
Related violations: <none>

DPIP-2#40 Warning
Input pipelining  
DSP pe01/ModMul_0/pipe_w1/out_reg input pe01/ModMul_0/pipe_w1/out_reg/B[17:0] is not pipelined. Pipelining DSP48 input will improve performance.
Related violations: <none>

DPIP-2#41 Warning
Input pipelining  
DSP pe01/ModMul_0/pipe_w3/out_reg input pe01/ModMul_0/pipe_w3/out_reg/B[17:0] is not pipelined. Pipelining DSP48 input will improve performance.
Related violations: <none>

DPIP-2#42 Warning
Input pipelining  
DSP pe01/ModMul_0/pipe_w5/out_reg input pe01/ModMul_0/pipe_w5/out_reg/B[17:0] is not pipelined. Pipelining DSP48 input will improve performance.
Related violations: <none>

DPIP-2#43 Warning
Input pipelining  
DSP pe01/ModMul_0/pipe_z1/out_reg input pe01/ModMul_0/pipe_z1/out_reg/A[29:0] is not pipelined. Pipelining DSP48 input will improve performance.
Related violations: <none>

DPIP-2#44 Warning
Input pipelining  
DSP pe01/ModMul_0/pipe_z1/out_reg input pe01/ModMul_0/pipe_z1/out_reg/B[17:0] is not pipelined. Pipelining DSP48 input will improve performance.
Related violations: <none>

DPIP-2#45 Warning
Input pipelining  
DSP pe01/ModMul_0/pipe_z3/out_reg input pe01/ModMul_0/pipe_z3/out_reg/A[29:0] is not pipelined. Pipelining DSP48 input will improve performance.
Related violations: <none>

DPIP-2#46 Warning
Input pipelining  
DSP pe01/ModMul_0/pipe_z3/out_reg input pe01/ModMul_0/pipe_z3/out_reg/B[17:0] is not pipelined. Pipelining DSP48 input will improve performance.
Related violations: <none>

DPIP-2#47 Warning
Input pipelining  
DSP pe01/ModMul_0/pipe_z5/out_reg input pe01/ModMul_0/pipe_z5/out_reg/A[29:0] is not pipelined. Pipelining DSP48 input will improve performance.
Related violations: <none>

DPIP-2#48 Warning
Input pipelining  
DSP pe01/ModMul_0/pipe_z5/out_reg input pe01/ModMul_0/pipe_z5/out_reg/B[17:0] is not pipelined. Pipelining DSP48 input will improve performance.
Related violations: <none>

DPIP-2#49 Warning
Input pipelining  
DSP pe02/ModMul_0/mul_w1/mul_0/out_reg input pe02/ModMul_0/mul_w1/mul_0/out_reg/A[29:0] is not pipelined. Pipelining DSP48 input will improve performance.
Related violations: <none>

DPIP-2#50 Warning
Input pipelining  
DSP pe02/ModMul_0/mul_w1/mul_0/out_reg input pe02/ModMul_0/mul_w1/mul_0/out_reg/B[17:0] is not pipelined. Pipelining DSP48 input will improve performance.
Related violations: <none>

DPIP-2#51 Warning
Input pipelining  
DSP pe02/ModMul_0/mul_w1/mul_0/out_reg input pe02/ModMul_0/mul_w1/mul_0/out_reg/C[47:0] is not pipelined. Pipelining DSP48 input will improve performance.
Related violations: <none>

DPIP-2#52 Warning
Input pipelining  
DSP pe02/ModMul_0/mul_w3/mul_0/out_reg input pe02/ModMul_0/mul_w3/mul_0/out_reg/A[29:0] is not pipelined. Pipelining DSP48 input will improve performance.
Related violations: <none>

DPIP-2#53 Warning
Input pipelining  
DSP pe02/ModMul_0/mul_w3/mul_0/out_reg input pe02/ModMul_0/mul_w3/mul_0/out_reg/B[17:0] is not pipelined. Pipelining DSP48 input will improve performance.
Related violations: <none>

DPIP-2#54 Warning
Input pipelining  
DSP pe02/ModMul_0/mul_w3/mul_0/out_reg input pe02/ModMul_0/mul_w3/mul_0/out_reg/C[47:0] is not pipelined. Pipelining DSP48 input will improve performance.
Related violations: <none>

DPIP-2#55 Warning
Input pipelining  
DSP pe02/ModMul_0/mul_w5/mul_0/out_reg input pe02/ModMul_0/mul_w5/mul_0/out_reg/A[29:0] is not pipelined. Pipelining DSP48 input will improve performance.
Related violations: <none>

DPIP-2#56 Warning
Input pipelining  
DSP pe02/ModMul_0/mul_w5/mul_0/out_reg input pe02/ModMul_0/mul_w5/mul_0/out_reg/B[17:0] is not pipelined. Pipelining DSP48 input will improve performance.
Related violations: <none>

DPIP-2#57 Warning
Input pipelining  
DSP pe02/ModMul_0/mul_w5/mul_0/out_reg input pe02/ModMul_0/mul_w5/mul_0/out_reg/C[47:0] is not pipelined. Pipelining DSP48 input will improve performance.
Related violations: <none>

DPIP-2#58 Warning
Input pipelining  
DSP pe02/ModMul_0/mul_z0/out_reg input pe02/ModMul_0/mul_z0/out_reg/A[29:0] is not pipelined. Pipelining DSP48 input will improve performance.
Related violations: <none>

DPIP-2#59 Warning
Input pipelining  
DSP pe02/ModMul_0/mul_z0/out_reg input pe02/ModMul_0/mul_z0/out_reg/B[17:0] is not pipelined. Pipelining DSP48 input will improve performance.
Related violations: <none>

DPIP-2#60 Warning
Input pipelining  
DSP pe02/ModMul_0/mul_z2/out_reg input pe02/ModMul_0/mul_z2/out_reg/A[29:0] is not pipelined. Pipelining DSP48 input will improve performance.
Related violations: <none>

DPIP-2#61 Warning
Input pipelining  
DSP pe02/ModMul_0/mul_z2/out_reg input pe02/ModMul_0/mul_z2/out_reg/B[17:0] is not pipelined. Pipelining DSP48 input will improve performance.
Related violations: <none>

DPIP-2#62 Warning
Input pipelining  
DSP pe02/ModMul_0/mul_z4/out_reg input pe02/ModMul_0/mul_z4/out_reg/A[29:0] is not pipelined. Pipelining DSP48 input will improve performance.
Related violations: <none>

DPIP-2#63 Warning
Input pipelining  
DSP pe02/ModMul_0/mul_z4/out_reg input pe02/ModMul_0/mul_z4/out_reg/B[17:0] is not pipelined. Pipelining DSP48 input will improve performance.
Related violations: <none>

DPIP-2#64 Warning
Input pipelining  
DSP pe02/ModMul_0/pipe_w1/out_reg input pe02/ModMul_0/pipe_w1/out_reg/B[17:0] is not pipelined. Pipelining DSP48 input will improve performance.
Related violations: <none>

DPIP-2#65 Warning
Input pipelining  
DSP pe02/ModMul_0/pipe_w3/out_reg input pe02/ModMul_0/pipe_w3/out_reg/B[17:0] is not pipelined. Pipelining DSP48 input will improve performance.
Related violations: <none>

DPIP-2#66 Warning
Input pipelining  
DSP pe02/ModMul_0/pipe_w5/out_reg input pe02/ModMul_0/pipe_w5/out_reg/B[17:0] is not pipelined. Pipelining DSP48 input will improve performance.
Related violations: <none>

DPIP-2#67 Warning
Input pipelining  
DSP pe02/ModMul_0/pipe_z1/out_reg input pe02/ModMul_0/pipe_z1/out_reg/A[29:0] is not pipelined. Pipelining DSP48 input will improve performance.
Related violations: <none>

DPIP-2#68 Warning
Input pipelining  
DSP pe02/ModMul_0/pipe_z1/out_reg input pe02/ModMul_0/pipe_z1/out_reg/B[17:0] is not pipelined. Pipelining DSP48 input will improve performance.
Related violations: <none>

DPIP-2#69 Warning
Input pipelining  
DSP pe02/ModMul_0/pipe_z3/out_reg input pe02/ModMul_0/pipe_z3/out_reg/A[29:0] is not pipelined. Pipelining DSP48 input will improve performance.
Related violations: <none>

DPIP-2#70 Warning
Input pipelining  
DSP pe02/ModMul_0/pipe_z3/out_reg input pe02/ModMul_0/pipe_z3/out_reg/B[17:0] is not pipelined. Pipelining DSP48 input will improve performance.
Related violations: <none>

DPIP-2#71 Warning
Input pipelining  
DSP pe02/ModMul_0/pipe_z5/out_reg input pe02/ModMul_0/pipe_z5/out_reg/A[29:0] is not pipelined. Pipelining DSP48 input will improve performance.
Related violations: <none>

DPIP-2#72 Warning
Input pipelining  
DSP pe02/ModMul_0/pipe_z5/out_reg input pe02/ModMul_0/pipe_z5/out_reg/B[17:0] is not pipelined. Pipelining DSP48 input will improve performance.
Related violations: <none>

DPIP-2#73 Warning
Input pipelining  
DSP pe03/ModMul_0/mul_w1/mul_0/out_reg input pe03/ModMul_0/mul_w1/mul_0/out_reg/A[29:0] is not pipelined. Pipelining DSP48 input will improve performance.
Related violations: <none>

DPIP-2#74 Warning
Input pipelining  
DSP pe03/ModMul_0/mul_w1/mul_0/out_reg input pe03/ModMul_0/mul_w1/mul_0/out_reg/B[17:0] is not pipelined. Pipelining DSP48 input will improve performance.
Related violations: <none>

DPIP-2#75 Warning
Input pipelining  
DSP pe03/ModMul_0/mul_w1/mul_0/out_reg input pe03/ModMul_0/mul_w1/mul_0/out_reg/C[47:0] is not pipelined. Pipelining DSP48 input will improve performance.
Related violations: <none>

DPIP-2#76 Warning
Input pipelining  
DSP pe03/ModMul_0/mul_w3/mul_0/out_reg input pe03/ModMul_0/mul_w3/mul_0/out_reg/A[29:0] is not pipelined. Pipelining DSP48 input will improve performance.
Related violations: <none>

DPIP-2#77 Warning
Input pipelining  
DSP pe03/ModMul_0/mul_w3/mul_0/out_reg input pe03/ModMul_0/mul_w3/mul_0/out_reg/B[17:0] is not pipelined. Pipelining DSP48 input will improve performance.
Related violations: <none>

DPIP-2#78 Warning
Input pipelining  
DSP pe03/ModMul_0/mul_w3/mul_0/out_reg input pe03/ModMul_0/mul_w3/mul_0/out_reg/C[47:0] is not pipelined. Pipelining DSP48 input will improve performance.
Related violations: <none>

DPIP-2#79 Warning
Input pipelining  
DSP pe03/ModMul_0/mul_w5/mul_0/out_reg input pe03/ModMul_0/mul_w5/mul_0/out_reg/A[29:0] is not pipelined. Pipelining DSP48 input will improve performance.
Related violations: <none>

DPIP-2#80 Warning
Input pipelining  
DSP pe03/ModMul_0/mul_w5/mul_0/out_reg input pe03/ModMul_0/mul_w5/mul_0/out_reg/B[17:0] is not pipelined. Pipelining DSP48 input will improve performance.
Related violations: <none>

DPIP-2#81 Warning
Input pipelining  
DSP pe03/ModMul_0/mul_w5/mul_0/out_reg input pe03/ModMul_0/mul_w5/mul_0/out_reg/C[47:0] is not pipelined. Pipelining DSP48 input will improve performance.
Related violations: <none>

DPIP-2#82 Warning
Input pipelining  
DSP pe03/ModMul_0/mul_z0/out_reg input pe03/ModMul_0/mul_z0/out_reg/A[29:0] is not pipelined. Pipelining DSP48 input will improve performance.
Related violations: <none>

DPIP-2#83 Warning
Input pipelining  
DSP pe03/ModMul_0/mul_z0/out_reg input pe03/ModMul_0/mul_z0/out_reg/B[17:0] is not pipelined. Pipelining DSP48 input will improve performance.
Related violations: <none>

DPIP-2#84 Warning
Input pipelining  
DSP pe03/ModMul_0/mul_z2/out_reg input pe03/ModMul_0/mul_z2/out_reg/A[29:0] is not pipelined. Pipelining DSP48 input will improve performance.
Related violations: <none>

DPIP-2#85 Warning
Input pipelining  
DSP pe03/ModMul_0/mul_z2/out_reg input pe03/ModMul_0/mul_z2/out_reg/B[17:0] is not pipelined. Pipelining DSP48 input will improve performance.
Related violations: <none>

DPIP-2#86 Warning
Input pipelining  
DSP pe03/ModMul_0/mul_z4/out_reg input pe03/ModMul_0/mul_z4/out_reg/A[29:0] is not pipelined. Pipelining DSP48 input will improve performance.
Related violations: <none>

DPIP-2#87 Warning
Input pipelining  
DSP pe03/ModMul_0/mul_z4/out_reg input pe03/ModMul_0/mul_z4/out_reg/B[17:0] is not pipelined. Pipelining DSP48 input will improve performance.
Related violations: <none>

DPIP-2#88 Warning
Input pipelining  
DSP pe03/ModMul_0/pipe_w1/out_reg input pe03/ModMul_0/pipe_w1/out_reg/B[17:0] is not pipelined. Pipelining DSP48 input will improve performance.
Related violations: <none>

DPIP-2#89 Warning
Input pipelining  
DSP pe03/ModMul_0/pipe_w3/out_reg input pe03/ModMul_0/pipe_w3/out_reg/B[17:0] is not pipelined. Pipelining DSP48 input will improve performance.
Related violations: <none>

DPIP-2#90 Warning
Input pipelining  
DSP pe03/ModMul_0/pipe_w5/out_reg input pe03/ModMul_0/pipe_w5/out_reg/B[17:0] is not pipelined. Pipelining DSP48 input will improve performance.
Related violations: <none>

DPIP-2#91 Warning
Input pipelining  
DSP pe03/ModMul_0/pipe_z1/out_reg input pe03/ModMul_0/pipe_z1/out_reg/A[29:0] is not pipelined. Pipelining DSP48 input will improve performance.
Related violations: <none>

DPIP-2#92 Warning
Input pipelining  
DSP pe03/ModMul_0/pipe_z1/out_reg input pe03/ModMul_0/pipe_z1/out_reg/B[17:0] is not pipelined. Pipelining DSP48 input will improve performance.
Related violations: <none>

DPIP-2#93 Warning
Input pipelining  
DSP pe03/ModMul_0/pipe_z3/out_reg input pe03/ModMul_0/pipe_z3/out_reg/A[29:0] is not pipelined. Pipelining DSP48 input will improve performance.
Related violations: <none>

DPIP-2#94 Warning
Input pipelining  
DSP pe03/ModMul_0/pipe_z3/out_reg input pe03/ModMul_0/pipe_z3/out_reg/B[17:0] is not pipelined. Pipelining DSP48 input will improve performance.
Related violations: <none>

DPIP-2#95 Warning
Input pipelining  
DSP pe03/ModMul_0/pipe_z5/out_reg input pe03/ModMul_0/pipe_z5/out_reg/A[29:0] is not pipelined. Pipelining DSP48 input will improve performance.
Related violations: <none>

DPIP-2#96 Warning
Input pipelining  
DSP pe03/ModMul_0/pipe_z5/out_reg input pe03/ModMul_0/pipe_z5/out_reg/B[17:0] is not pipelined. Pipelining DSP48 input will improve performance.
Related violations: <none>

DPIP-2#97 Warning
Input pipelining  
DSP pe04/ModMul_0/mul_w1/mul_0/out_reg input pe04/ModMul_0/mul_w1/mul_0/out_reg/A[29:0] is not pipelined. Pipelining DSP48 input will improve performance.
Related violations: <none>

DPIP-2#98 Warning
Input pipelining  
DSP pe04/ModMul_0/mul_w1/mul_0/out_reg input pe04/ModMul_0/mul_w1/mul_0/out_reg/B[17:0] is not pipelined. Pipelining DSP48 input will improve performance.
Related violations: <none>

DPIP-2#99 Warning
Input pipelining  
DSP pe04/ModMul_0/mul_w1/mul_0/out_reg input pe04/ModMul_0/mul_w1/mul_0/out_reg/C[47:0] is not pipelined. Pipelining DSP48 input will improve performance.
Related violations: <none>

DPIP-2#100 Warning
Input pipelining  
DSP pe04/ModMul_0/mul_w3/mul_0/out_reg input pe04/ModMul_0/mul_w3/mul_0/out_reg/A[29:0] is not pipelined. Pipelining DSP48 input will improve performance.
Related violations: <none>

DPIP-2#101 Warning
Input pipelining  
DSP pe04/ModMul_0/mul_w3/mul_0/out_reg input pe04/ModMul_0/mul_w3/mul_0/out_reg/B[17:0] is not pipelined. Pipelining DSP48 input will improve performance.
Related violations: <none>

DPIP-2#102 Warning
Input pipelining  
DSP pe04/ModMul_0/mul_w3/mul_0/out_reg input pe04/ModMul_0/mul_w3/mul_0/out_reg/C[47:0] is not pipelined. Pipelining DSP48 input will improve performance.
Related violations: <none>

DPIP-2#103 Warning
Input pipelining  
DSP pe04/ModMul_0/mul_w5/mul_0/out_reg input pe04/ModMul_0/mul_w5/mul_0/out_reg/A[29:0] is not pipelined. Pipelining DSP48 input will improve performance.
Related violations: <none>

DPIP-2#104 Warning
Input pipelining  
DSP pe04/ModMul_0/mul_w5/mul_0/out_reg input pe04/ModMul_0/mul_w5/mul_0/out_reg/B[17:0] is not pipelined. Pipelining DSP48 input will improve performance.
Related violations: <none>

DPIP-2#105 Warning
Input pipelining  
DSP pe04/ModMul_0/mul_w5/mul_0/out_reg input pe04/ModMul_0/mul_w5/mul_0/out_reg/C[47:0] is not pipelined. Pipelining DSP48 input will improve performance.
Related violations: <none>

DPIP-2#106 Warning
Input pipelining  
DSP pe04/ModMul_0/mul_z0/out_reg input pe04/ModMul_0/mul_z0/out_reg/A[29:0] is not pipelined. Pipelining DSP48 input will improve performance.
Related violations: <none>

DPIP-2#107 Warning
Input pipelining  
DSP pe04/ModMul_0/mul_z0/out_reg input pe04/ModMul_0/mul_z0/out_reg/B[17:0] is not pipelined. Pipelining DSP48 input will improve performance.
Related violations: <none>

DPIP-2#108 Warning
Input pipelining  
DSP pe04/ModMul_0/mul_z2/out_reg input pe04/ModMul_0/mul_z2/out_reg/A[29:0] is not pipelined. Pipelining DSP48 input will improve performance.
Related violations: <none>

DPIP-2#109 Warning
Input pipelining  
DSP pe04/ModMul_0/mul_z2/out_reg input pe04/ModMul_0/mul_z2/out_reg/B[17:0] is not pipelined. Pipelining DSP48 input will improve performance.
Related violations: <none>

DPIP-2#110 Warning
Input pipelining  
DSP pe04/ModMul_0/mul_z4/out_reg input pe04/ModMul_0/mul_z4/out_reg/A[29:0] is not pipelined. Pipelining DSP48 input will improve performance.
Related violations: <none>

DPIP-2#111 Warning
Input pipelining  
DSP pe04/ModMul_0/mul_z4/out_reg input pe04/ModMul_0/mul_z4/out_reg/B[17:0] is not pipelined. Pipelining DSP48 input will improve performance.
Related violations: <none>

DPIP-2#112 Warning
Input pipelining  
DSP pe04/ModMul_0/pipe_w1/out_reg input pe04/ModMul_0/pipe_w1/out_reg/B[17:0] is not pipelined. Pipelining DSP48 input will improve performance.
Related violations: <none>

DPIP-2#113 Warning
Input pipelining  
DSP pe04/ModMul_0/pipe_w3/out_reg input pe04/ModMul_0/pipe_w3/out_reg/B[17:0] is not pipelined. Pipelining DSP48 input will improve performance.
Related violations: <none>

DPIP-2#114 Warning
Input pipelining  
DSP pe04/ModMul_0/pipe_w5/out_reg input pe04/ModMul_0/pipe_w5/out_reg/B[17:0] is not pipelined. Pipelining DSP48 input will improve performance.
Related violations: <none>

DPIP-2#115 Warning
Input pipelining  
DSP pe04/ModMul_0/pipe_z1/out_reg input pe04/ModMul_0/pipe_z1/out_reg/A[29:0] is not pipelined. Pipelining DSP48 input will improve performance.
Related violations: <none>

DPIP-2#116 Warning
Input pipelining  
DSP pe04/ModMul_0/pipe_z1/out_reg input pe04/ModMul_0/pipe_z1/out_reg/B[17:0] is not pipelined. Pipelining DSP48 input will improve performance.
Related violations: <none>

DPIP-2#117 Warning
Input pipelining  
DSP pe04/ModMul_0/pipe_z3/out_reg input pe04/ModMul_0/pipe_z3/out_reg/A[29:0] is not pipelined. Pipelining DSP48 input will improve performance.
Related violations: <none>

DPIP-2#118 Warning
Input pipelining  
DSP pe04/ModMul_0/pipe_z3/out_reg input pe04/ModMul_0/pipe_z3/out_reg/B[17:0] is not pipelined. Pipelining DSP48 input will improve performance.
Related violations: <none>

DPIP-2#119 Warning
Input pipelining  
DSP pe04/ModMul_0/pipe_z5/out_reg input pe04/ModMul_0/pipe_z5/out_reg/A[29:0] is not pipelined. Pipelining DSP48 input will improve performance.
Related violations: <none>

DPIP-2#120 Warning
Input pipelining  
DSP pe04/ModMul_0/pipe_z5/out_reg input pe04/ModMul_0/pipe_z5/out_reg/B[17:0] is not pipelined. Pipelining DSP48 input will improve performance.
Related violations: <none>

DPIP-2#121 Warning
Input pipelining  
DSP pe05/ModMul_0/mul_w1/mul_0/out_reg input pe05/ModMul_0/mul_w1/mul_0/out_reg/A[29:0] is not pipelined. Pipelining DSP48 input will improve performance.
Related violations: <none>

DPIP-2#122 Warning
Input pipelining  
DSP pe05/ModMul_0/mul_w1/mul_0/out_reg input pe05/ModMul_0/mul_w1/mul_0/out_reg/B[17:0] is not pipelined. Pipelining DSP48 input will improve performance.
Related violations: <none>

DPIP-2#123 Warning
Input pipelining  
DSP pe05/ModMul_0/mul_w1/mul_0/out_reg input pe05/ModMul_0/mul_w1/mul_0/out_reg/C[47:0] is not pipelined. Pipelining DSP48 input will improve performance.
Related violations: <none>

DPIP-2#124 Warning
Input pipelining  
DSP pe05/ModMul_0/mul_w3/mul_0/out_reg input pe05/ModMul_0/mul_w3/mul_0/out_reg/A[29:0] is not pipelined. Pipelining DSP48 input will improve performance.
Related violations: <none>

DPIP-2#125 Warning
Input pipelining  
DSP pe05/ModMul_0/mul_w3/mul_0/out_reg input pe05/ModMul_0/mul_w3/mul_0/out_reg/B[17:0] is not pipelined. Pipelining DSP48 input will improve performance.
Related violations: <none>

DPIP-2#126 Warning
Input pipelining  
DSP pe05/ModMul_0/mul_w3/mul_0/out_reg input pe05/ModMul_0/mul_w3/mul_0/out_reg/C[47:0] is not pipelined. Pipelining DSP48 input will improve performance.
Related violations: <none>

DPIP-2#127 Warning
Input pipelining  
DSP pe05/ModMul_0/mul_w5/mul_0/out_reg input pe05/ModMul_0/mul_w5/mul_0/out_reg/A[29:0] is not pipelined. Pipelining DSP48 input will improve performance.
Related violations: <none>

DPIP-2#128 Warning
Input pipelining  
DSP pe05/ModMul_0/mul_w5/mul_0/out_reg input pe05/ModMul_0/mul_w5/mul_0/out_reg/B[17:0] is not pipelined. Pipelining DSP48 input will improve performance.
Related violations: <none>

DPIP-2#129 Warning
Input pipelining  
DSP pe05/ModMul_0/mul_w5/mul_0/out_reg input pe05/ModMul_0/mul_w5/mul_0/out_reg/C[47:0] is not pipelined. Pipelining DSP48 input will improve performance.
Related violations: <none>

DPIP-2#130 Warning
Input pipelining  
DSP pe05/ModMul_0/mul_z0/out_reg input pe05/ModMul_0/mul_z0/out_reg/A[29:0] is not pipelined. Pipelining DSP48 input will improve performance.
Related violations: <none>

DPIP-2#131 Warning
Input pipelining  
DSP pe05/ModMul_0/mul_z0/out_reg input pe05/ModMul_0/mul_z0/out_reg/B[17:0] is not pipelined. Pipelining DSP48 input will improve performance.
Related violations: <none>

DPIP-2#132 Warning
Input pipelining  
DSP pe05/ModMul_0/mul_z2/out_reg input pe05/ModMul_0/mul_z2/out_reg/A[29:0] is not pipelined. Pipelining DSP48 input will improve performance.
Related violations: <none>

DPIP-2#133 Warning
Input pipelining  
DSP pe05/ModMul_0/mul_z2/out_reg input pe05/ModMul_0/mul_z2/out_reg/B[17:0] is not pipelined. Pipelining DSP48 input will improve performance.
Related violations: <none>

DPIP-2#134 Warning
Input pipelining  
DSP pe05/ModMul_0/mul_z4/out_reg input pe05/ModMul_0/mul_z4/out_reg/A[29:0] is not pipelined. Pipelining DSP48 input will improve performance.
Related violations: <none>

DPIP-2#135 Warning
Input pipelining  
DSP pe05/ModMul_0/mul_z4/out_reg input pe05/ModMul_0/mul_z4/out_reg/B[17:0] is not pipelined. Pipelining DSP48 input will improve performance.
Related violations: <none>

DPIP-2#136 Warning
Input pipelining  
DSP pe05/ModMul_0/pipe_w1/out_reg input pe05/ModMul_0/pipe_w1/out_reg/B[17:0] is not pipelined. Pipelining DSP48 input will improve performance.
Related violations: <none>

DPIP-2#137 Warning
Input pipelining  
DSP pe05/ModMul_0/pipe_w3/out_reg input pe05/ModMul_0/pipe_w3/out_reg/B[17:0] is not pipelined. Pipelining DSP48 input will improve performance.
Related violations: <none>

DPIP-2#138 Warning
Input pipelining  
DSP pe05/ModMul_0/pipe_w5/out_reg input pe05/ModMul_0/pipe_w5/out_reg/B[17:0] is not pipelined. Pipelining DSP48 input will improve performance.
Related violations: <none>

DPIP-2#139 Warning
Input pipelining  
DSP pe05/ModMul_0/pipe_z1/out_reg input pe05/ModMul_0/pipe_z1/out_reg/A[29:0] is not pipelined. Pipelining DSP48 input will improve performance.
Related violations: <none>

DPIP-2#140 Warning
Input pipelining  
DSP pe05/ModMul_0/pipe_z1/out_reg input pe05/ModMul_0/pipe_z1/out_reg/B[17:0] is not pipelined. Pipelining DSP48 input will improve performance.
Related violations: <none>

DPIP-2#141 Warning
Input pipelining  
DSP pe05/ModMul_0/pipe_z3/out_reg input pe05/ModMul_0/pipe_z3/out_reg/A[29:0] is not pipelined. Pipelining DSP48 input will improve performance.
Related violations: <none>

DPIP-2#142 Warning
Input pipelining  
DSP pe05/ModMul_0/pipe_z3/out_reg input pe05/ModMul_0/pipe_z3/out_reg/B[17:0] is not pipelined. Pipelining DSP48 input will improve performance.
Related violations: <none>

DPIP-2#143 Warning
Input pipelining  
DSP pe05/ModMul_0/pipe_z5/out_reg input pe05/ModMul_0/pipe_z5/out_reg/A[29:0] is not pipelined. Pipelining DSP48 input will improve performance.
Related violations: <none>

DPIP-2#144 Warning
Input pipelining  
DSP pe05/ModMul_0/pipe_z5/out_reg input pe05/ModMul_0/pipe_z5/out_reg/B[17:0] is not pipelined. Pipelining DSP48 input will improve performance.
Related violations: <none>

DPIP-2#145 Warning
Input pipelining  
DSP pe06/ModMul_0/mul_w1/mul_0/out_reg input pe06/ModMul_0/mul_w1/mul_0/out_reg/A[29:0] is not pipelined. Pipelining DSP48 input will improve performance.
Related violations: <none>

DPIP-2#146 Warning
Input pipelining  
DSP pe06/ModMul_0/mul_w1/mul_0/out_reg input pe06/ModMul_0/mul_w1/mul_0/out_reg/B[17:0] is not pipelined. Pipelining DSP48 input will improve performance.
Related violations: <none>

DPIP-2#147 Warning
Input pipelining  
DSP pe06/ModMul_0/mul_w1/mul_0/out_reg input pe06/ModMul_0/mul_w1/mul_0/out_reg/C[47:0] is not pipelined. Pipelining DSP48 input will improve performance.
Related violations: <none>

DPIP-2#148 Warning
Input pipelining  
DSP pe06/ModMul_0/mul_w3/mul_0/out_reg input pe06/ModMul_0/mul_w3/mul_0/out_reg/A[29:0] is not pipelined. Pipelining DSP48 input will improve performance.
Related violations: <none>

DPIP-2#149 Warning
Input pipelining  
DSP pe06/ModMul_0/mul_w3/mul_0/out_reg input pe06/ModMul_0/mul_w3/mul_0/out_reg/B[17:0] is not pipelined. Pipelining DSP48 input will improve performance.
Related violations: <none>

DPIP-2#150 Warning
Input pipelining  
DSP pe06/ModMul_0/mul_w3/mul_0/out_reg input pe06/ModMul_0/mul_w3/mul_0/out_reg/C[47:0] is not pipelined. Pipelining DSP48 input will improve performance.
Related violations: <none>

DPIP-2#151 Warning
Input pipelining  
DSP pe06/ModMul_0/mul_w5/mul_0/out_reg input pe06/ModMul_0/mul_w5/mul_0/out_reg/A[29:0] is not pipelined. Pipelining DSP48 input will improve performance.
Related violations: <none>

DPIP-2#152 Warning
Input pipelining  
DSP pe06/ModMul_0/mul_w5/mul_0/out_reg input pe06/ModMul_0/mul_w5/mul_0/out_reg/B[17:0] is not pipelined. Pipelining DSP48 input will improve performance.
Related violations: <none>

DPIP-2#153 Warning
Input pipelining  
DSP pe06/ModMul_0/mul_w5/mul_0/out_reg input pe06/ModMul_0/mul_w5/mul_0/out_reg/C[47:0] is not pipelined. Pipelining DSP48 input will improve performance.
Related violations: <none>

DPIP-2#154 Warning
Input pipelining  
DSP pe06/ModMul_0/mul_z0/out_reg input pe06/ModMul_0/mul_z0/out_reg/A[29:0] is not pipelined. Pipelining DSP48 input will improve performance.
Related violations: <none>

DPIP-2#155 Warning
Input pipelining  
DSP pe06/ModMul_0/mul_z0/out_reg input pe06/ModMul_0/mul_z0/out_reg/B[17:0] is not pipelined. Pipelining DSP48 input will improve performance.
Related violations: <none>

DPIP-2#156 Warning
Input pipelining  
DSP pe06/ModMul_0/mul_z2/out_reg input pe06/ModMul_0/mul_z2/out_reg/A[29:0] is not pipelined. Pipelining DSP48 input will improve performance.
Related violations: <none>

DPIP-2#157 Warning
Input pipelining  
DSP pe06/ModMul_0/mul_z2/out_reg input pe06/ModMul_0/mul_z2/out_reg/B[17:0] is not pipelined. Pipelining DSP48 input will improve performance.
Related violations: <none>

DPIP-2#158 Warning
Input pipelining  
DSP pe06/ModMul_0/mul_z4/out_reg input pe06/ModMul_0/mul_z4/out_reg/A[29:0] is not pipelined. Pipelining DSP48 input will improve performance.
Related violations: <none>

DPIP-2#159 Warning
Input pipelining  
DSP pe06/ModMul_0/mul_z4/out_reg input pe06/ModMul_0/mul_z4/out_reg/B[17:0] is not pipelined. Pipelining DSP48 input will improve performance.
Related violations: <none>

DPIP-2#160 Warning
Input pipelining  
DSP pe06/ModMul_0/pipe_w1/out_reg input pe06/ModMul_0/pipe_w1/out_reg/B[17:0] is not pipelined. Pipelining DSP48 input will improve performance.
Related violations: <none>

DPIP-2#161 Warning
Input pipelining  
DSP pe06/ModMul_0/pipe_w3/out_reg input pe06/ModMul_0/pipe_w3/out_reg/B[17:0] is not pipelined. Pipelining DSP48 input will improve performance.
Related violations: <none>

DPIP-2#162 Warning
Input pipelining  
DSP pe06/ModMul_0/pipe_w5/out_reg input pe06/ModMul_0/pipe_w5/out_reg/B[17:0] is not pipelined. Pipelining DSP48 input will improve performance.
Related violations: <none>

DPIP-2#163 Warning
Input pipelining  
DSP pe06/ModMul_0/pipe_z1/out_reg input pe06/ModMul_0/pipe_z1/out_reg/A[29:0] is not pipelined. Pipelining DSP48 input will improve performance.
Related violations: <none>

DPIP-2#164 Warning
Input pipelining  
DSP pe06/ModMul_0/pipe_z1/out_reg input pe06/ModMul_0/pipe_z1/out_reg/B[17:0] is not pipelined. Pipelining DSP48 input will improve performance.
Related violations: <none>

DPIP-2#165 Warning
Input pipelining  
DSP pe06/ModMul_0/pipe_z3/out_reg input pe06/ModMul_0/pipe_z3/out_reg/A[29:0] is not pipelined. Pipelining DSP48 input will improve performance.
Related violations: <none>

DPIP-2#166 Warning
Input pipelining  
DSP pe06/ModMul_0/pipe_z3/out_reg input pe06/ModMul_0/pipe_z3/out_reg/B[17:0] is not pipelined. Pipelining DSP48 input will improve performance.
Related violations: <none>

DPIP-2#167 Warning
Input pipelining  
DSP pe06/ModMul_0/pipe_z5/out_reg input pe06/ModMul_0/pipe_z5/out_reg/A[29:0] is not pipelined. Pipelining DSP48 input will improve performance.
Related violations: <none>

DPIP-2#168 Warning
Input pipelining  
DSP pe06/ModMul_0/pipe_z5/out_reg input pe06/ModMul_0/pipe_z5/out_reg/B[17:0] is not pipelined. Pipelining DSP48 input will improve performance.
Related violations: <none>

DPIP-2#169 Warning
Input pipelining  
DSP pe07/ModMul_0/mul_w1/mul_0/out_reg input pe07/ModMul_0/mul_w1/mul_0/out_reg/A[29:0] is not pipelined. Pipelining DSP48 input will improve performance.
Related violations: <none>

DPIP-2#170 Warning
Input pipelining  
DSP pe07/ModMul_0/mul_w1/mul_0/out_reg input pe07/ModMul_0/mul_w1/mul_0/out_reg/B[17:0] is not pipelined. Pipelining DSP48 input will improve performance.
Related violations: <none>

DPIP-2#171 Warning
Input pipelining  
DSP pe07/ModMul_0/mul_w1/mul_0/out_reg input pe07/ModMul_0/mul_w1/mul_0/out_reg/C[47:0] is not pipelined. Pipelining DSP48 input will improve performance.
Related violations: <none>

DPIP-2#172 Warning
Input pipelining  
DSP pe07/ModMul_0/mul_w3/mul_0/out_reg input pe07/ModMul_0/mul_w3/mul_0/out_reg/A[29:0] is not pipelined. Pipelining DSP48 input will improve performance.
Related violations: <none>

DPIP-2#173 Warning
Input pipelining  
DSP pe07/ModMul_0/mul_w3/mul_0/out_reg input pe07/ModMul_0/mul_w3/mul_0/out_reg/B[17:0] is not pipelined. Pipelining DSP48 input will improve performance.
Related violations: <none>

DPIP-2#174 Warning
Input pipelining  
DSP pe07/ModMul_0/mul_w3/mul_0/out_reg input pe07/ModMul_0/mul_w3/mul_0/out_reg/C[47:0] is not pipelined. Pipelining DSP48 input will improve performance.
Related violations: <none>

DPIP-2#175 Warning
Input pipelining  
DSP pe07/ModMul_0/mul_w5/mul_0/out_reg input pe07/ModMul_0/mul_w5/mul_0/out_reg/A[29:0] is not pipelined. Pipelining DSP48 input will improve performance.
Related violations: <none>

DPIP-2#176 Warning
Input pipelining  
DSP pe07/ModMul_0/mul_w5/mul_0/out_reg input pe07/ModMul_0/mul_w5/mul_0/out_reg/B[17:0] is not pipelined. Pipelining DSP48 input will improve performance.
Related violations: <none>

DPIP-2#177 Warning
Input pipelining  
DSP pe07/ModMul_0/mul_w5/mul_0/out_reg input pe07/ModMul_0/mul_w5/mul_0/out_reg/C[47:0] is not pipelined. Pipelining DSP48 input will improve performance.
Related violations: <none>

DPIP-2#178 Warning
Input pipelining  
DSP pe07/ModMul_0/mul_z0/out_reg input pe07/ModMul_0/mul_z0/out_reg/A[29:0] is not pipelined. Pipelining DSP48 input will improve performance.
Related violations: <none>

DPIP-2#179 Warning
Input pipelining  
DSP pe07/ModMul_0/mul_z0/out_reg input pe07/ModMul_0/mul_z0/out_reg/B[17:0] is not pipelined. Pipelining DSP48 input will improve performance.
Related violations: <none>

DPIP-2#180 Warning
Input pipelining  
DSP pe07/ModMul_0/mul_z2/out_reg input pe07/ModMul_0/mul_z2/out_reg/A[29:0] is not pipelined. Pipelining DSP48 input will improve performance.
Related violations: <none>

DPIP-2#181 Warning
Input pipelining  
DSP pe07/ModMul_0/mul_z2/out_reg input pe07/ModMul_0/mul_z2/out_reg/B[17:0] is not pipelined. Pipelining DSP48 input will improve performance.
Related violations: <none>

DPIP-2#182 Warning
Input pipelining  
DSP pe07/ModMul_0/mul_z4/out_reg input pe07/ModMul_0/mul_z4/out_reg/A[29:0] is not pipelined. Pipelining DSP48 input will improve performance.
Related violations: <none>

DPIP-2#183 Warning
Input pipelining  
DSP pe07/ModMul_0/mul_z4/out_reg input pe07/ModMul_0/mul_z4/out_reg/B[17:0] is not pipelined. Pipelining DSP48 input will improve performance.
Related violations: <none>

DPIP-2#184 Warning
Input pipelining  
DSP pe07/ModMul_0/pipe_w1/out_reg input pe07/ModMul_0/pipe_w1/out_reg/B[17:0] is not pipelined. Pipelining DSP48 input will improve performance.
Related violations: <none>

DPIP-2#185 Warning
Input pipelining  
DSP pe07/ModMul_0/pipe_w3/out_reg input pe07/ModMul_0/pipe_w3/out_reg/B[17:0] is not pipelined. Pipelining DSP48 input will improve performance.
Related violations: <none>

DPIP-2#186 Warning
Input pipelining  
DSP pe07/ModMul_0/pipe_w5/out_reg input pe07/ModMul_0/pipe_w5/out_reg/B[17:0] is not pipelined. Pipelining DSP48 input will improve performance.
Related violations: <none>

DPIP-2#187 Warning
Input pipelining  
DSP pe07/ModMul_0/pipe_z1/out_reg input pe07/ModMul_0/pipe_z1/out_reg/A[29:0] is not pipelined. Pipelining DSP48 input will improve performance.
Related violations: <none>

DPIP-2#188 Warning
Input pipelining  
DSP pe07/ModMul_0/pipe_z1/out_reg input pe07/ModMul_0/pipe_z1/out_reg/B[17:0] is not pipelined. Pipelining DSP48 input will improve performance.
Related violations: <none>

DPIP-2#189 Warning
Input pipelining  
DSP pe07/ModMul_0/pipe_z3/out_reg input pe07/ModMul_0/pipe_z3/out_reg/A[29:0] is not pipelined. Pipelining DSP48 input will improve performance.
Related violations: <none>

DPIP-2#190 Warning
Input pipelining  
DSP pe07/ModMul_0/pipe_z3/out_reg input pe07/ModMul_0/pipe_z3/out_reg/B[17:0] is not pipelined. Pipelining DSP48 input will improve performance.
Related violations: <none>

DPIP-2#191 Warning
Input pipelining  
DSP pe07/ModMul_0/pipe_z5/out_reg input pe07/ModMul_0/pipe_z5/out_reg/A[29:0] is not pipelined. Pipelining DSP48 input will improve performance.
Related violations: <none>

DPIP-2#192 Warning
Input pipelining  
DSP pe07/ModMul_0/pipe_z5/out_reg input pe07/ModMul_0/pipe_z5/out_reg/B[17:0] is not pipelined. Pipelining DSP48 input will improve performance.
Related violations: <none>

DPOP-4#1 Warning
MREG Output pipelining  
DSP pe00/ModMul_0/mul_w1/mul_0/out_reg multiplier stage pe00/ModMul_0/mul_w1/mul_0/out_reg/P[47:0] is not pipelined (MREG=0). Pipelining the multiplier function will improve performance and will save significant power so it is suggested whenever possible to fully pipeline this function.  If this multiplier was inferred, it is suggested to describe an additional register stage after this function.  If there is no registered adder/accumulator following the multiply function, two pipeline stages are suggested to allow both the MREG and PREG registers to be used.  If the DSP48 was instantiated in the design, it is suggested to set both the MREG and PREG attributes to 1 when performing multiply functions.
Related violations: <none>

DPOP-4#2 Warning
MREG Output pipelining  
DSP pe00/ModMul_0/mul_w3/mul_0/out_reg multiplier stage pe00/ModMul_0/mul_w3/mul_0/out_reg/P[47:0] is not pipelined (MREG=0). Pipelining the multiplier function will improve performance and will save significant power so it is suggested whenever possible to fully pipeline this function.  If this multiplier was inferred, it is suggested to describe an additional register stage after this function.  If there is no registered adder/accumulator following the multiply function, two pipeline stages are suggested to allow both the MREG and PREG registers to be used.  If the DSP48 was instantiated in the design, it is suggested to set both the MREG and PREG attributes to 1 when performing multiply functions.
Related violations: <none>

DPOP-4#3 Warning
MREG Output pipelining  
DSP pe00/ModMul_0/mul_w5/mul_0/out_reg multiplier stage pe00/ModMul_0/mul_w5/mul_0/out_reg/P[47:0] is not pipelined (MREG=0). Pipelining the multiplier function will improve performance and will save significant power so it is suggested whenever possible to fully pipeline this function.  If this multiplier was inferred, it is suggested to describe an additional register stage after this function.  If there is no registered adder/accumulator following the multiply function, two pipeline stages are suggested to allow both the MREG and PREG registers to be used.  If the DSP48 was instantiated in the design, it is suggested to set both the MREG and PREG attributes to 1 when performing multiply functions.
Related violations: <none>

DPOP-4#4 Warning
MREG Output pipelining  
DSP pe00/ModMul_0/mul_w_mu_0/out_reg multiplier stage pe00/ModMul_0/mul_w_mu_0/out_reg/P[47:0] is not pipelined (MREG=0). Pipelining the multiplier function will improve performance and will save significant power so it is suggested whenever possible to fully pipeline this function.  If this multiplier was inferred, it is suggested to describe an additional register stage after this function.  If there is no registered adder/accumulator following the multiply function, two pipeline stages are suggested to allow both the MREG and PREG registers to be used.  If the DSP48 was instantiated in the design, it is suggested to set both the MREG and PREG attributes to 1 when performing multiply functions.
Related violations: <none>

DPOP-4#5 Warning
MREG Output pipelining  
DSP pe00/ModMul_0/mul_w_mu_2/out_reg multiplier stage pe00/ModMul_0/mul_w_mu_2/out_reg/P[47:0] is not pipelined (MREG=0). Pipelining the multiplier function will improve performance and will save significant power so it is suggested whenever possible to fully pipeline this function.  If this multiplier was inferred, it is suggested to describe an additional register stage after this function.  If there is no registered adder/accumulator following the multiply function, two pipeline stages are suggested to allow both the MREG and PREG registers to be used.  If the DSP48 was instantiated in the design, it is suggested to set both the MREG and PREG attributes to 1 when performing multiply functions.
Related violations: <none>

DPOP-4#6 Warning
MREG Output pipelining  
DSP pe00/ModMul_0/mul_w_mu_4/out_reg multiplier stage pe00/ModMul_0/mul_w_mu_4/out_reg/P[47:0] is not pipelined (MREG=0). Pipelining the multiplier function will improve performance and will save significant power so it is suggested whenever possible to fully pipeline this function.  If this multiplier was inferred, it is suggested to describe an additional register stage after this function.  If there is no registered adder/accumulator following the multiply function, two pipeline stages are suggested to allow both the MREG and PREG registers to be used.  If the DSP48 was instantiated in the design, it is suggested to set both the MREG and PREG attributes to 1 when performing multiply functions.
Related violations: <none>

DPOP-4#7 Warning
MREG Output pipelining  
DSP pe01/ModMul_0/mul_w1/mul_0/out_reg multiplier stage pe01/ModMul_0/mul_w1/mul_0/out_reg/P[47:0] is not pipelined (MREG=0). Pipelining the multiplier function will improve performance and will save significant power so it is suggested whenever possible to fully pipeline this function.  If this multiplier was inferred, it is suggested to describe an additional register stage after this function.  If there is no registered adder/accumulator following the multiply function, two pipeline stages are suggested to allow both the MREG and PREG registers to be used.  If the DSP48 was instantiated in the design, it is suggested to set both the MREG and PREG attributes to 1 when performing multiply functions.
Related violations: <none>

DPOP-4#8 Warning
MREG Output pipelining  
DSP pe01/ModMul_0/mul_w3/mul_0/out_reg multiplier stage pe01/ModMul_0/mul_w3/mul_0/out_reg/P[47:0] is not pipelined (MREG=0). Pipelining the multiplier function will improve performance and will save significant power so it is suggested whenever possible to fully pipeline this function.  If this multiplier was inferred, it is suggested to describe an additional register stage after this function.  If there is no registered adder/accumulator following the multiply function, two pipeline stages are suggested to allow both the MREG and PREG registers to be used.  If the DSP48 was instantiated in the design, it is suggested to set both the MREG and PREG attributes to 1 when performing multiply functions.
Related violations: <none>

DPOP-4#9 Warning
MREG Output pipelining  
DSP pe01/ModMul_0/mul_w5/mul_0/out_reg multiplier stage pe01/ModMul_0/mul_w5/mul_0/out_reg/P[47:0] is not pipelined (MREG=0). Pipelining the multiplier function will improve performance and will save significant power so it is suggested whenever possible to fully pipeline this function.  If this multiplier was inferred, it is suggested to describe an additional register stage after this function.  If there is no registered adder/accumulator following the multiply function, two pipeline stages are suggested to allow both the MREG and PREG registers to be used.  If the DSP48 was instantiated in the design, it is suggested to set both the MREG and PREG attributes to 1 when performing multiply functions.
Related violations: <none>

DPOP-4#10 Warning
MREG Output pipelining  
DSP pe01/ModMul_0/mul_w_mu_0/out_reg multiplier stage pe01/ModMul_0/mul_w_mu_0/out_reg/P[47:0] is not pipelined (MREG=0). Pipelining the multiplier function will improve performance and will save significant power so it is suggested whenever possible to fully pipeline this function.  If this multiplier was inferred, it is suggested to describe an additional register stage after this function.  If there is no registered adder/accumulator following the multiply function, two pipeline stages are suggested to allow both the MREG and PREG registers to be used.  If the DSP48 was instantiated in the design, it is suggested to set both the MREG and PREG attributes to 1 when performing multiply functions.
Related violations: <none>

DPOP-4#11 Warning
MREG Output pipelining  
DSP pe01/ModMul_0/mul_w_mu_2/out_reg multiplier stage pe01/ModMul_0/mul_w_mu_2/out_reg/P[47:0] is not pipelined (MREG=0). Pipelining the multiplier function will improve performance and will save significant power so it is suggested whenever possible to fully pipeline this function.  If this multiplier was inferred, it is suggested to describe an additional register stage after this function.  If there is no registered adder/accumulator following the multiply function, two pipeline stages are suggested to allow both the MREG and PREG registers to be used.  If the DSP48 was instantiated in the design, it is suggested to set both the MREG and PREG attributes to 1 when performing multiply functions.
Related violations: <none>

DPOP-4#12 Warning
MREG Output pipelining  
DSP pe01/ModMul_0/mul_w_mu_4/out_reg multiplier stage pe01/ModMul_0/mul_w_mu_4/out_reg/P[47:0] is not pipelined (MREG=0). Pipelining the multiplier function will improve performance and will save significant power so it is suggested whenever possible to fully pipeline this function.  If this multiplier was inferred, it is suggested to describe an additional register stage after this function.  If there is no registered adder/accumulator following the multiply function, two pipeline stages are suggested to allow both the MREG and PREG registers to be used.  If the DSP48 was instantiated in the design, it is suggested to set both the MREG and PREG attributes to 1 when performing multiply functions.
Related violations: <none>

DPOP-4#13 Warning
MREG Output pipelining  
DSP pe02/ModMul_0/mul_w1/mul_0/out_reg multiplier stage pe02/ModMul_0/mul_w1/mul_0/out_reg/P[47:0] is not pipelined (MREG=0). Pipelining the multiplier function will improve performance and will save significant power so it is suggested whenever possible to fully pipeline this function.  If this multiplier was inferred, it is suggested to describe an additional register stage after this function.  If there is no registered adder/accumulator following the multiply function, two pipeline stages are suggested to allow both the MREG and PREG registers to be used.  If the DSP48 was instantiated in the design, it is suggested to set both the MREG and PREG attributes to 1 when performing multiply functions.
Related violations: <none>

DPOP-4#14 Warning
MREG Output pipelining  
DSP pe02/ModMul_0/mul_w3/mul_0/out_reg multiplier stage pe02/ModMul_0/mul_w3/mul_0/out_reg/P[47:0] is not pipelined (MREG=0). Pipelining the multiplier function will improve performance and will save significant power so it is suggested whenever possible to fully pipeline this function.  If this multiplier was inferred, it is suggested to describe an additional register stage after this function.  If there is no registered adder/accumulator following the multiply function, two pipeline stages are suggested to allow both the MREG and PREG registers to be used.  If the DSP48 was instantiated in the design, it is suggested to set both the MREG and PREG attributes to 1 when performing multiply functions.
Related violations: <none>

DPOP-4#15 Warning
MREG Output pipelining  
DSP pe02/ModMul_0/mul_w5/mul_0/out_reg multiplier stage pe02/ModMul_0/mul_w5/mul_0/out_reg/P[47:0] is not pipelined (MREG=0). Pipelining the multiplier function will improve performance and will save significant power so it is suggested whenever possible to fully pipeline this function.  If this multiplier was inferred, it is suggested to describe an additional register stage after this function.  If there is no registered adder/accumulator following the multiply function, two pipeline stages are suggested to allow both the MREG and PREG registers to be used.  If the DSP48 was instantiated in the design, it is suggested to set both the MREG and PREG attributes to 1 when performing multiply functions.
Related violations: <none>

DPOP-4#16 Warning
MREG Output pipelining  
DSP pe02/ModMul_0/mul_w_mu_0/out_reg multiplier stage pe02/ModMul_0/mul_w_mu_0/out_reg/P[47:0] is not pipelined (MREG=0). Pipelining the multiplier function will improve performance and will save significant power so it is suggested whenever possible to fully pipeline this function.  If this multiplier was inferred, it is suggested to describe an additional register stage after this function.  If there is no registered adder/accumulator following the multiply function, two pipeline stages are suggested to allow both the MREG and PREG registers to be used.  If the DSP48 was instantiated in the design, it is suggested to set both the MREG and PREG attributes to 1 when performing multiply functions.
Related violations: <none>

DPOP-4#17 Warning
MREG Output pipelining  
DSP pe02/ModMul_0/mul_w_mu_2/out_reg multiplier stage pe02/ModMul_0/mul_w_mu_2/out_reg/P[47:0] is not pipelined (MREG=0). Pipelining the multiplier function will improve performance and will save significant power so it is suggested whenever possible to fully pipeline this function.  If this multiplier was inferred, it is suggested to describe an additional register stage after this function.  If there is no registered adder/accumulator following the multiply function, two pipeline stages are suggested to allow both the MREG and PREG registers to be used.  If the DSP48 was instantiated in the design, it is suggested to set both the MREG and PREG attributes to 1 when performing multiply functions.
Related violations: <none>

DPOP-4#18 Warning
MREG Output pipelining  
DSP pe02/ModMul_0/mul_w_mu_4/out_reg multiplier stage pe02/ModMul_0/mul_w_mu_4/out_reg/P[47:0] is not pipelined (MREG=0). Pipelining the multiplier function will improve performance and will save significant power so it is suggested whenever possible to fully pipeline this function.  If this multiplier was inferred, it is suggested to describe an additional register stage after this function.  If there is no registered adder/accumulator following the multiply function, two pipeline stages are suggested to allow both the MREG and PREG registers to be used.  If the DSP48 was instantiated in the design, it is suggested to set both the MREG and PREG attributes to 1 when performing multiply functions.
Related violations: <none>

DPOP-4#19 Warning
MREG Output pipelining  
DSP pe03/ModMul_0/mul_w1/mul_0/out_reg multiplier stage pe03/ModMul_0/mul_w1/mul_0/out_reg/P[47:0] is not pipelined (MREG=0). Pipelining the multiplier function will improve performance and will save significant power so it is suggested whenever possible to fully pipeline this function.  If this multiplier was inferred, it is suggested to describe an additional register stage after this function.  If there is no registered adder/accumulator following the multiply function, two pipeline stages are suggested to allow both the MREG and PREG registers to be used.  If the DSP48 was instantiated in the design, it is suggested to set both the MREG and PREG attributes to 1 when performing multiply functions.
Related violations: <none>

DPOP-4#20 Warning
MREG Output pipelining  
DSP pe03/ModMul_0/mul_w3/mul_0/out_reg multiplier stage pe03/ModMul_0/mul_w3/mul_0/out_reg/P[47:0] is not pipelined (MREG=0). Pipelining the multiplier function will improve performance and will save significant power so it is suggested whenever possible to fully pipeline this function.  If this multiplier was inferred, it is suggested to describe an additional register stage after this function.  If there is no registered adder/accumulator following the multiply function, two pipeline stages are suggested to allow both the MREG and PREG registers to be used.  If the DSP48 was instantiated in the design, it is suggested to set both the MREG and PREG attributes to 1 when performing multiply functions.
Related violations: <none>

DPOP-4#21 Warning
MREG Output pipelining  
DSP pe03/ModMul_0/mul_w5/mul_0/out_reg multiplier stage pe03/ModMul_0/mul_w5/mul_0/out_reg/P[47:0] is not pipelined (MREG=0). Pipelining the multiplier function will improve performance and will save significant power so it is suggested whenever possible to fully pipeline this function.  If this multiplier was inferred, it is suggested to describe an additional register stage after this function.  If there is no registered adder/accumulator following the multiply function, two pipeline stages are suggested to allow both the MREG and PREG registers to be used.  If the DSP48 was instantiated in the design, it is suggested to set both the MREG and PREG attributes to 1 when performing multiply functions.
Related violations: <none>

DPOP-4#22 Warning
MREG Output pipelining  
DSP pe03/ModMul_0/mul_w_mu_0/out_reg multiplier stage pe03/ModMul_0/mul_w_mu_0/out_reg/P[47:0] is not pipelined (MREG=0). Pipelining the multiplier function will improve performance and will save significant power so it is suggested whenever possible to fully pipeline this function.  If this multiplier was inferred, it is suggested to describe an additional register stage after this function.  If there is no registered adder/accumulator following the multiply function, two pipeline stages are suggested to allow both the MREG and PREG registers to be used.  If the DSP48 was instantiated in the design, it is suggested to set both the MREG and PREG attributes to 1 when performing multiply functions.
Related violations: <none>

DPOP-4#23 Warning
MREG Output pipelining  
DSP pe03/ModMul_0/mul_w_mu_2/out_reg multiplier stage pe03/ModMul_0/mul_w_mu_2/out_reg/P[47:0] is not pipelined (MREG=0). Pipelining the multiplier function will improve performance and will save significant power so it is suggested whenever possible to fully pipeline this function.  If this multiplier was inferred, it is suggested to describe an additional register stage after this function.  If there is no registered adder/accumulator following the multiply function, two pipeline stages are suggested to allow both the MREG and PREG registers to be used.  If the DSP48 was instantiated in the design, it is suggested to set both the MREG and PREG attributes to 1 when performing multiply functions.
Related violations: <none>

DPOP-4#24 Warning
MREG Output pipelining  
DSP pe03/ModMul_0/mul_w_mu_4/out_reg multiplier stage pe03/ModMul_0/mul_w_mu_4/out_reg/P[47:0] is not pipelined (MREG=0). Pipelining the multiplier function will improve performance and will save significant power so it is suggested whenever possible to fully pipeline this function.  If this multiplier was inferred, it is suggested to describe an additional register stage after this function.  If there is no registered adder/accumulator following the multiply function, two pipeline stages are suggested to allow both the MREG and PREG registers to be used.  If the DSP48 was instantiated in the design, it is suggested to set both the MREG and PREG attributes to 1 when performing multiply functions.
Related violations: <none>

DPOP-4#25 Warning
MREG Output pipelining  
DSP pe04/ModMul_0/mul_w1/mul_0/out_reg multiplier stage pe04/ModMul_0/mul_w1/mul_0/out_reg/P[47:0] is not pipelined (MREG=0). Pipelining the multiplier function will improve performance and will save significant power so it is suggested whenever possible to fully pipeline this function.  If this multiplier was inferred, it is suggested to describe an additional register stage after this function.  If there is no registered adder/accumulator following the multiply function, two pipeline stages are suggested to allow both the MREG and PREG registers to be used.  If the DSP48 was instantiated in the design, it is suggested to set both the MREG and PREG attributes to 1 when performing multiply functions.
Related violations: <none>

DPOP-4#26 Warning
MREG Output pipelining  
DSP pe04/ModMul_0/mul_w3/mul_0/out_reg multiplier stage pe04/ModMul_0/mul_w3/mul_0/out_reg/P[47:0] is not pipelined (MREG=0). Pipelining the multiplier function will improve performance and will save significant power so it is suggested whenever possible to fully pipeline this function.  If this multiplier was inferred, it is suggested to describe an additional register stage after this function.  If there is no registered adder/accumulator following the multiply function, two pipeline stages are suggested to allow both the MREG and PREG registers to be used.  If the DSP48 was instantiated in the design, it is suggested to set both the MREG and PREG attributes to 1 when performing multiply functions.
Related violations: <none>

DPOP-4#27 Warning
MREG Output pipelining  
DSP pe04/ModMul_0/mul_w5/mul_0/out_reg multiplier stage pe04/ModMul_0/mul_w5/mul_0/out_reg/P[47:0] is not pipelined (MREG=0). Pipelining the multiplier function will improve performance and will save significant power so it is suggested whenever possible to fully pipeline this function.  If this multiplier was inferred, it is suggested to describe an additional register stage after this function.  If there is no registered adder/accumulator following the multiply function, two pipeline stages are suggested to allow both the MREG and PREG registers to be used.  If the DSP48 was instantiated in the design, it is suggested to set both the MREG and PREG attributes to 1 when performing multiply functions.
Related violations: <none>

DPOP-4#28 Warning
MREG Output pipelining  
DSP pe04/ModMul_0/mul_w_mu_0/out_reg multiplier stage pe04/ModMul_0/mul_w_mu_0/out_reg/P[47:0] is not pipelined (MREG=0). Pipelining the multiplier function will improve performance and will save significant power so it is suggested whenever possible to fully pipeline this function.  If this multiplier was inferred, it is suggested to describe an additional register stage after this function.  If there is no registered adder/accumulator following the multiply function, two pipeline stages are suggested to allow both the MREG and PREG registers to be used.  If the DSP48 was instantiated in the design, it is suggested to set both the MREG and PREG attributes to 1 when performing multiply functions.
Related violations: <none>

DPOP-4#29 Warning
MREG Output pipelining  
DSP pe04/ModMul_0/mul_w_mu_2/out_reg multiplier stage pe04/ModMul_0/mul_w_mu_2/out_reg/P[47:0] is not pipelined (MREG=0). Pipelining the multiplier function will improve performance and will save significant power so it is suggested whenever possible to fully pipeline this function.  If this multiplier was inferred, it is suggested to describe an additional register stage after this function.  If there is no registered adder/accumulator following the multiply function, two pipeline stages are suggested to allow both the MREG and PREG registers to be used.  If the DSP48 was instantiated in the design, it is suggested to set both the MREG and PREG attributes to 1 when performing multiply functions.
Related violations: <none>

DPOP-4#30 Warning
MREG Output pipelining  
DSP pe04/ModMul_0/mul_w_mu_4/out_reg multiplier stage pe04/ModMul_0/mul_w_mu_4/out_reg/P[47:0] is not pipelined (MREG=0). Pipelining the multiplier function will improve performance and will save significant power so it is suggested whenever possible to fully pipeline this function.  If this multiplier was inferred, it is suggested to describe an additional register stage after this function.  If there is no registered adder/accumulator following the multiply function, two pipeline stages are suggested to allow both the MREG and PREG registers to be used.  If the DSP48 was instantiated in the design, it is suggested to set both the MREG and PREG attributes to 1 when performing multiply functions.
Related violations: <none>

DPOP-4#31 Warning
MREG Output pipelining  
DSP pe05/ModMul_0/mul_w1/mul_0/out_reg multiplier stage pe05/ModMul_0/mul_w1/mul_0/out_reg/P[47:0] is not pipelined (MREG=0). Pipelining the multiplier function will improve performance and will save significant power so it is suggested whenever possible to fully pipeline this function.  If this multiplier was inferred, it is suggested to describe an additional register stage after this function.  If there is no registered adder/accumulator following the multiply function, two pipeline stages are suggested to allow both the MREG and PREG registers to be used.  If the DSP48 was instantiated in the design, it is suggested to set both the MREG and PREG attributes to 1 when performing multiply functions.
Related violations: <none>

DPOP-4#32 Warning
MREG Output pipelining  
DSP pe05/ModMul_0/mul_w3/mul_0/out_reg multiplier stage pe05/ModMul_0/mul_w3/mul_0/out_reg/P[47:0] is not pipelined (MREG=0). Pipelining the multiplier function will improve performance and will save significant power so it is suggested whenever possible to fully pipeline this function.  If this multiplier was inferred, it is suggested to describe an additional register stage after this function.  If there is no registered adder/accumulator following the multiply function, two pipeline stages are suggested to allow both the MREG and PREG registers to be used.  If the DSP48 was instantiated in the design, it is suggested to set both the MREG and PREG attributes to 1 when performing multiply functions.
Related violations: <none>

DPOP-4#33 Warning
MREG Output pipelining  
DSP pe05/ModMul_0/mul_w5/mul_0/out_reg multiplier stage pe05/ModMul_0/mul_w5/mul_0/out_reg/P[47:0] is not pipelined (MREG=0). Pipelining the multiplier function will improve performance and will save significant power so it is suggested whenever possible to fully pipeline this function.  If this multiplier was inferred, it is suggested to describe an additional register stage after this function.  If there is no registered adder/accumulator following the multiply function, two pipeline stages are suggested to allow both the MREG and PREG registers to be used.  If the DSP48 was instantiated in the design, it is suggested to set both the MREG and PREG attributes to 1 when performing multiply functions.
Related violations: <none>

DPOP-4#34 Warning
MREG Output pipelining  
DSP pe05/ModMul_0/mul_w_mu_0/out_reg multiplier stage pe05/ModMul_0/mul_w_mu_0/out_reg/P[47:0] is not pipelined (MREG=0). Pipelining the multiplier function will improve performance and will save significant power so it is suggested whenever possible to fully pipeline this function.  If this multiplier was inferred, it is suggested to describe an additional register stage after this function.  If there is no registered adder/accumulator following the multiply function, two pipeline stages are suggested to allow both the MREG and PREG registers to be used.  If the DSP48 was instantiated in the design, it is suggested to set both the MREG and PREG attributes to 1 when performing multiply functions.
Related violations: <none>

DPOP-4#35 Warning
MREG Output pipelining  
DSP pe05/ModMul_0/mul_w_mu_2/out_reg multiplier stage pe05/ModMul_0/mul_w_mu_2/out_reg/P[47:0] is not pipelined (MREG=0). Pipelining the multiplier function will improve performance and will save significant power so it is suggested whenever possible to fully pipeline this function.  If this multiplier was inferred, it is suggested to describe an additional register stage after this function.  If there is no registered adder/accumulator following the multiply function, two pipeline stages are suggested to allow both the MREG and PREG registers to be used.  If the DSP48 was instantiated in the design, it is suggested to set both the MREG and PREG attributes to 1 when performing multiply functions.
Related violations: <none>

DPOP-4#36 Warning
MREG Output pipelining  
DSP pe05/ModMul_0/mul_w_mu_4/out_reg multiplier stage pe05/ModMul_0/mul_w_mu_4/out_reg/P[47:0] is not pipelined (MREG=0). Pipelining the multiplier function will improve performance and will save significant power so it is suggested whenever possible to fully pipeline this function.  If this multiplier was inferred, it is suggested to describe an additional register stage after this function.  If there is no registered adder/accumulator following the multiply function, two pipeline stages are suggested to allow both the MREG and PREG registers to be used.  If the DSP48 was instantiated in the design, it is suggested to set both the MREG and PREG attributes to 1 when performing multiply functions.
Related violations: <none>

DPOP-4#37 Warning
MREG Output pipelining  
DSP pe06/ModMul_0/mul_w1/mul_0/out_reg multiplier stage pe06/ModMul_0/mul_w1/mul_0/out_reg/P[47:0] is not pipelined (MREG=0). Pipelining the multiplier function will improve performance and will save significant power so it is suggested whenever possible to fully pipeline this function.  If this multiplier was inferred, it is suggested to describe an additional register stage after this function.  If there is no registered adder/accumulator following the multiply function, two pipeline stages are suggested to allow both the MREG and PREG registers to be used.  If the DSP48 was instantiated in the design, it is suggested to set both the MREG and PREG attributes to 1 when performing multiply functions.
Related violations: <none>

DPOP-4#38 Warning
MREG Output pipelining  
DSP pe06/ModMul_0/mul_w3/mul_0/out_reg multiplier stage pe06/ModMul_0/mul_w3/mul_0/out_reg/P[47:0] is not pipelined (MREG=0). Pipelining the multiplier function will improve performance and will save significant power so it is suggested whenever possible to fully pipeline this function.  If this multiplier was inferred, it is suggested to describe an additional register stage after this function.  If there is no registered adder/accumulator following the multiply function, two pipeline stages are suggested to allow both the MREG and PREG registers to be used.  If the DSP48 was instantiated in the design, it is suggested to set both the MREG and PREG attributes to 1 when performing multiply functions.
Related violations: <none>

DPOP-4#39 Warning
MREG Output pipelining  
DSP pe06/ModMul_0/mul_w5/mul_0/out_reg multiplier stage pe06/ModMul_0/mul_w5/mul_0/out_reg/P[47:0] is not pipelined (MREG=0). Pipelining the multiplier function will improve performance and will save significant power so it is suggested whenever possible to fully pipeline this function.  If this multiplier was inferred, it is suggested to describe an additional register stage after this function.  If there is no registered adder/accumulator following the multiply function, two pipeline stages are suggested to allow both the MREG and PREG registers to be used.  If the DSP48 was instantiated in the design, it is suggested to set both the MREG and PREG attributes to 1 when performing multiply functions.
Related violations: <none>

DPOP-4#40 Warning
MREG Output pipelining  
DSP pe06/ModMul_0/mul_w_mu_0/out_reg multiplier stage pe06/ModMul_0/mul_w_mu_0/out_reg/P[47:0] is not pipelined (MREG=0). Pipelining the multiplier function will improve performance and will save significant power so it is suggested whenever possible to fully pipeline this function.  If this multiplier was inferred, it is suggested to describe an additional register stage after this function.  If there is no registered adder/accumulator following the multiply function, two pipeline stages are suggested to allow both the MREG and PREG registers to be used.  If the DSP48 was instantiated in the design, it is suggested to set both the MREG and PREG attributes to 1 when performing multiply functions.
Related violations: <none>

DPOP-4#41 Warning
MREG Output pipelining  
DSP pe06/ModMul_0/mul_w_mu_2/out_reg multiplier stage pe06/ModMul_0/mul_w_mu_2/out_reg/P[47:0] is not pipelined (MREG=0). Pipelining the multiplier function will improve performance and will save significant power so it is suggested whenever possible to fully pipeline this function.  If this multiplier was inferred, it is suggested to describe an additional register stage after this function.  If there is no registered adder/accumulator following the multiply function, two pipeline stages are suggested to allow both the MREG and PREG registers to be used.  If the DSP48 was instantiated in the design, it is suggested to set both the MREG and PREG attributes to 1 when performing multiply functions.
Related violations: <none>

DPOP-4#42 Warning
MREG Output pipelining  
DSP pe06/ModMul_0/mul_w_mu_4/out_reg multiplier stage pe06/ModMul_0/mul_w_mu_4/out_reg/P[47:0] is not pipelined (MREG=0). Pipelining the multiplier function will improve performance and will save significant power so it is suggested whenever possible to fully pipeline this function.  If this multiplier was inferred, it is suggested to describe an additional register stage after this function.  If there is no registered adder/accumulator following the multiply function, two pipeline stages are suggested to allow both the MREG and PREG registers to be used.  If the DSP48 was instantiated in the design, it is suggested to set both the MREG and PREG attributes to 1 when performing multiply functions.
Related violations: <none>

DPOP-4#43 Warning
MREG Output pipelining  
DSP pe07/ModMul_0/mul_w1/mul_0/out_reg multiplier stage pe07/ModMul_0/mul_w1/mul_0/out_reg/P[47:0] is not pipelined (MREG=0). Pipelining the multiplier function will improve performance and will save significant power so it is suggested whenever possible to fully pipeline this function.  If this multiplier was inferred, it is suggested to describe an additional register stage after this function.  If there is no registered adder/accumulator following the multiply function, two pipeline stages are suggested to allow both the MREG and PREG registers to be used.  If the DSP48 was instantiated in the design, it is suggested to set both the MREG and PREG attributes to 1 when performing multiply functions.
Related violations: <none>

DPOP-4#44 Warning
MREG Output pipelining  
DSP pe07/ModMul_0/mul_w3/mul_0/out_reg multiplier stage pe07/ModMul_0/mul_w3/mul_0/out_reg/P[47:0] is not pipelined (MREG=0). Pipelining the multiplier function will improve performance and will save significant power so it is suggested whenever possible to fully pipeline this function.  If this multiplier was inferred, it is suggested to describe an additional register stage after this function.  If there is no registered adder/accumulator following the multiply function, two pipeline stages are suggested to allow both the MREG and PREG registers to be used.  If the DSP48 was instantiated in the design, it is suggested to set both the MREG and PREG attributes to 1 when performing multiply functions.
Related violations: <none>

DPOP-4#45 Warning
MREG Output pipelining  
DSP pe07/ModMul_0/mul_w5/mul_0/out_reg multiplier stage pe07/ModMul_0/mul_w5/mul_0/out_reg/P[47:0] is not pipelined (MREG=0). Pipelining the multiplier function will improve performance and will save significant power so it is suggested whenever possible to fully pipeline this function.  If this multiplier was inferred, it is suggested to describe an additional register stage after this function.  If there is no registered adder/accumulator following the multiply function, two pipeline stages are suggested to allow both the MREG and PREG registers to be used.  If the DSP48 was instantiated in the design, it is suggested to set both the MREG and PREG attributes to 1 when performing multiply functions.
Related violations: <none>

DPOP-4#46 Warning
MREG Output pipelining  
DSP pe07/ModMul_0/mul_w_mu_0/out_reg multiplier stage pe07/ModMul_0/mul_w_mu_0/out_reg/P[47:0] is not pipelined (MREG=0). Pipelining the multiplier function will improve performance and will save significant power so it is suggested whenever possible to fully pipeline this function.  If this multiplier was inferred, it is suggested to describe an additional register stage after this function.  If there is no registered adder/accumulator following the multiply function, two pipeline stages are suggested to allow both the MREG and PREG registers to be used.  If the DSP48 was instantiated in the design, it is suggested to set both the MREG and PREG attributes to 1 when performing multiply functions.
Related violations: <none>

DPOP-4#47 Warning
MREG Output pipelining  
DSP pe07/ModMul_0/mul_w_mu_2/out_reg multiplier stage pe07/ModMul_0/mul_w_mu_2/out_reg/P[47:0] is not pipelined (MREG=0). Pipelining the multiplier function will improve performance and will save significant power so it is suggested whenever possible to fully pipeline this function.  If this multiplier was inferred, it is suggested to describe an additional register stage after this function.  If there is no registered adder/accumulator following the multiply function, two pipeline stages are suggested to allow both the MREG and PREG registers to be used.  If the DSP48 was instantiated in the design, it is suggested to set both the MREG and PREG attributes to 1 when performing multiply functions.
Related violations: <none>

DPOP-4#48 Warning
MREG Output pipelining  
DSP pe07/ModMul_0/mul_w_mu_4/out_reg multiplier stage pe07/ModMul_0/mul_w_mu_4/out_reg/P[47:0] is not pipelined (MREG=0). Pipelining the multiplier function will improve performance and will save significant power so it is suggested whenever possible to fully pipeline this function.  If this multiplier was inferred, it is suggested to describe an additional register stage after this function.  If there is no registered adder/accumulator following the multiply function, two pipeline stages are suggested to allow both the MREG and PREG registers to be used.  If the DSP48 was instantiated in the design, it is suggested to set both the MREG and PREG attributes to 1 when performing multiply functions.
Related violations: <none>


